#
# There is insufficient memory for the Java Runtime Environment to continue.
# Native memory allocation (malloc) failed to allocate 109051904 bytes for committing reserved memory.
# Possible reasons:
#   The system is out of physical RAM or swap space
#   In 32 bit mode, the process size limit was hit
# Possible solutions:
#   Reduce memory load on the system
#   Increase physical memory or swap space
#   Check if swap backing store is full
#   Use 64 bit Java on a 64 bit OS
#   Decrease Java heap size (-Xmx/-Xms)
#   Decrease number of Java threads
#   Decrease Java thread stack sizes (-Xss)
#   Set larger code cache with -XX:ReservedCodeCacheSize=
# This output file may be truncated or incomplete.
#
#  Out of Memory Error (os_linux.cpp:2798), pid=16388, tid=139934400509696
#
# JRE version: OpenJDK Runtime Environment (7.0_75-b13) (build 1.7.0_75-b13)
# Java VM: OpenJDK 64-Bit Server VM (24.75-b04 mixed mode linux-amd64 compressed oops)
# Derivative: IcedTea 2.5.4
# Distribution: Ubuntu 14.04 LTS, package 7u75-2.5.4-1~trusty1
# Failed to write core dump. Core dumps have been disabled. To enable core dumping, try "ulimit -c unlimited" before starting Java again
#

---------------  T H R E A D  ---------------

Current thread (0x00007f4500076000):  VMThread [stack: 0x00007f45042bf000,0x00007f45043c0000] [id=16398]

Stack: [0x00007f45042bf000,0x00007f45043c0000],  sp=0x00007f45043be490,  free space=1021k
Native frames: (J=compiled Java code, j=interpreted, Vv=VM code, C=native code)
V  [libjvm.so+0x94a9d5]  VMError::report_and_die()+0x175
V  [libjvm.so+0x48b954]  report_vm_out_of_memory(char const*, int, unsigned long, char const*)+0x74
V  [libjvm.so+0x7c7b7b]  os::pd_commit_memory(char*, unsigned long, unsigned long, bool)+0xeb
V  [libjvm.so+0x7c263f]  os::commit_memory(char*, unsigned long, unsigned long, bool)+0x1f
V  [libjvm.so+0x834b1b]  PSVirtualSpace::expand_by(unsigned long)+0x5b
V  [libjvm.so+0x835970]  PSYoungGen::resize_generation(unsigned long, unsigned long)+0xb0
V  [libjvm.so+0x83605b]  PSYoungGen::resize(unsigned long, unsigned long)+0x1b
V  [libjvm.so+0x832340]  PSScavenge::invoke_no_policy()+0xde0
V  [libjvm.so+0x832b18]  PSScavenge::invoke()+0x38
V  [libjvm.so+0x7e9203]  ParallelScavengeHeap::failed_mem_allocate(unsigned long)+0x63
V  [libjvm.so+0x94c3d4]  VM_ParallelGCFailedAllocation::doit()+0x84
V  [libjvm.so+0x9508d7]  VM_Operation::evaluate()+0x47
V  [libjvm.so+0x94f248]  VMThread::evaluate_operation(VM_Operation*)+0x318
V  [libjvm.so+0x94f6a9]  VMThread::loop()+0x219
V  [libjvm.so+0x94faf2]  VMThread::run()+0x72
V  [libjvm.so+0x7c4a42]  java_start(Thread*)+0xf2

VM_Operation (0x00007f450956e2b0): ParallelGCFailedAllocation, mode: safepoint, requested by thread 0x00007f450000a800


---------------  P R O C E S S  ---------------

Java Threads: ( => current thread )
  0x00007f45000af800 JavaThread "Service Thread" daemon [_thread_blocked, id=16404, stack(0x00007f44fc802000,0x00007f44fc903000)]
  0x00007f45000ad800 JavaThread "C2 CompilerThread1" daemon [_thread_blocked, id=16403, stack(0x00007f44fc903000,0x00007f44fca04000)]
  0x00007f45000aa800 JavaThread "C2 CompilerThread0" daemon [_thread_blocked, id=16402, stack(0x00007f44fca04000,0x00007f44fcb05000)]
  0x00007f45000a8800 JavaThread "Signal Dispatcher" daemon [_thread_blocked, id=16401, stack(0x00007f44fcb05000,0x00007f44fcc06000)]
  0x00007f450007c800 JavaThread "Finalizer" daemon [_thread_blocked, id=16400, stack(0x00007f45040bd000,0x00007f45041be000)]
  0x00007f450007a800 JavaThread "Reference Handler" daemon [_thread_blocked, id=16399, stack(0x00007f45041be000,0x00007f45042bf000)]
  0x00007f450000a800 JavaThread "main" [_thread_blocked, id=16393, stack(0x00007f450946f000,0x00007f4509570000)]

Other Threads:
=>0x00007f4500076000 VMThread [stack: 0x00007f45042bf000,0x00007f45043c0000] [id=16398]
  0x00007f45000ba800 WatcherThread [stack: 0x00007f44fc701000,0x00007f44fc802000] [id=16405]

VM state:at safepoint (normal execution)

VM Mutex/Monitor currently owned by a thread:  ([mutex/lock_event])
[0x00007f4500006fb0] Threads_lock - owner thread: 0x00007f4500076000
[0x00007f45000074b0] Heap_lock - owner thread: 0x00007f450000a800

Heap
 PSYoungGen      total 69632K, used 5113K [0x00000000eaa80000, 0x00000000ef380000, 0x0000000100000000)
  eden space 64512K, 0% used [0x00000000eaa80000,0x00000000eaa80000,0x00000000ee980000)
  from space 5120K, 99% used [0x00000000ee980000,0x00000000eee7e650,0x00000000eee80000)
  to   space 5120K, 0% used [0x00000000eee80000,0x00000000eee80000,0x00000000ef380000)
 ParOldGen       total 84480K, used 43901K [0x00000000c0000000, 0x00000000c5280000, 0x00000000eaa80000)
  object space 84480K, 51% used [0x00000000c0000000,0x00000000c2adf7b8,0x00000000c5280000)
 PSPermGen       total 21504K, used 7091K [0x00000000b5a00000, 0x00000000b6f00000, 0x00000000c0000000)
  object space 21504K, 32% used [0x00000000b5a00000,0x00000000b60ecfe0,0x00000000b6f00000)

Card table byte_map: [0x00007f4505e68000,0x00007f45060bc000] byte_map_base: 0x00007f45058bb000

Polling page: 0x00007f4509599000

Code Cache  [0x00007f44fd000000, 0x00007f44fd270000, 0x00007f4500000000)
 total_blobs=818 nmethods=569 adapters=202 free_code_cache=47592Kb largest_free_block=48693568

Compilation events (10 events):
Event: 1,705 Thread 0x00007f45000ad800  568             com.android.dx.merge.DexMerger$2::write (9 bytes)
Event: 1,705 Thread 0x00007f45000aa800  569             com.android.dx.merge.DexMerger$2::write (15 bytes)
Event: 1,707 Thread 0x00007f45000aa800 nmethod 569 0x00007f44fd185050 code [0x00007f44fd1851c0, 0x00007f44fd1853c8]
Event: 1,707 Thread 0x00007f45000ad800 nmethod 568 0x00007f44fd182710 code [0x00007f44fd182880, 0x00007f44fd182aa8]
Event: 1,714 Thread 0x00007f45000aa800  570             com.android.dx.merge.DexMerger::transformAnnotationSets (51 bytes)
Event: 1,715 Thread 0x00007f45000aa800 nmethod 570 0x00007f44fd184c50 code [0x00007f44fd184da0, 0x00007f44fd184ed8]
Event: 1,716 Thread 0x00007f45000ad800  571             com.android.dx.merge.DexMerger::getSortedTypes (139 bytes)
Event: 1,719 Thread 0x00007f45000ad800 nmethod 571 0x00007f44fd183ed0 code [0x00007f44fd1840a0, 0x00007f44fd1843e0]
Event: 1,720 Thread 0x00007f45000aa800  572             com.android.dex.Dex$ClassDefIterator::next (5 bytes)
Event: 1,720 Thread 0x00007f45000ad800  573             com.android.dex.Dex$ClassDefIterator::next (33 bytes)

GC Heap History (9 events):
Event: 0,720 GC heap before
{Heap before GC invocations=1 (full 0):
 PSYoungGen      total 37376K, used 30868K [0x00000000eaa80000, 0x00000000ed400000, 0x0000000100000000)
  eden space 32256K, 95% used [0x00000000eaa80000,0x00000000ec8a5230,0x00000000eca00000)
  from space 5120K, 0% used [0x00000000ecf00000,0x00000000ecf00000,0x00000000ed400000)
  to   space 5120K, 0% used [0x00000000eca00000,0x00000000eca00000,0x00000000ecf00000)
 ParOldGen       total 84480K, used 0K [0x00000000c0000000, 0x00000000c5280000, 0x00000000eaa80000)
  object space 84480K, 0% used [0x00000000c0000000,0x00000000c0000000,0x00000000c5280000)
 PSPermGen       total 21504K, used 5656K [0x00000000b5a00000, 0x00000000b6f00000, 0x00000000c0000000)
  object space 21504K, 26% used [0x00000000b5a00000,0x00000000b5f863b8,0x00000000b6f00000)
Event: 0,730 GC heap after
Heap after GC invocations=1 (full 0):
 PSYoungGen      total 37376K, used 5119K [0x00000000eaa80000, 0x00000000ef380000, 0x0000000100000000)
  eden space 32256K, 0% used [0x00000000eaa80000,0x00000000eaa80000,0x00000000eca00000)
  from space 5120K, 99% used [0x00000000eca00000,0x00000000eceffdc8,0x00000000ecf00000)
  to   space 5120K, 0% used [0x00000000eee80000,0x00000000eee80000,0x00000000ef380000)
 ParOldGen       total 84480K, used 2490K [0x00000000c0000000, 0x00000000c5280000, 0x00000000eaa80000)
  object space 84480K, 2% used [0x00000000c0000000,0x00000000c026e990,0x00000000c5280000)
 PSPermGen       total 21504K, used 5656K [0x00000000b5a00000, 0x00000000b6f00000, 0x00000000c0000000)
  object space 21504K, 26% used [0x00000000b5a00000,0x00000000b5f863b8,0x00000000b6f00000)
}
Event: 1,226 GC heap before
{Heap before GC invocations=2 (full 0):
 PSYoungGen      total 37376K, used 36696K [0x00000000eaa80000, 0x00000000ef380000, 0x0000000100000000)
  eden space 32256K, 97% used [0x00000000eaa80000,0x00000000ec956420,0x00000000eca00000)
  from space 5120K, 99% used [0x00000000eca00000,0x00000000eceffdc8,0x00000000ecf00000)
  to   space 5120K, 0% used [0x00000000eee80000,0x00000000eee80000,0x00000000ef380000)
 ParOldGen       total 84480K, used 2490K [0x00000000c0000000, 0x00000000c5280000, 0x00000000eaa80000)
  object space 84480K, 2% used [0x00000000c0000000,0x00000000c026e990,0x00000000c5280000)
 PSPermGen       total 21504K, used 7022K [0x00000000b5a00000, 0x00000000b6f00000, 0x00000000c0000000)
  object space 21504K, 32% used [0x00000000b5a00000,0x00000000b60db958,0x00000000b6f00000)
Event: 1,229 GC heap after
Heap after GC invocations=2 (full 0):
 PSYoungGen      total 37376K, used 5106K [0x00000000eaa80000, 0x00000000ef380000, 0x0000000100000000)
  eden space 32256K, 0% used [0x00000000eaa80000,0x00000000eaa80000,0x00000000eca00000)
  from space 5120K, 99% used [0x00000000eee80000,0x00000000ef37cb08,0x00000000ef380000)
  to   space 5120K, 0% used [0x00000000eca00000,0x00000000eca00000,0x00000000ecf00000)
 ParOldGen       total 84480K, used 7783K [0x00000000c0000000, 0x00000000c5280000, 0x00000000eaa80000)
  object space 84480K, 9% used [0x00000000c0000000,0x00000000c0799ce8,0x00000000c5280000)
 PSPermGen       total 21504K, used 7022K [0x00000000b5a00000, 0x00000000b6f00000, 0x00000000c0000000)
  object space 21504K, 32% used [0x00000000b5a00000,0x00000000b60db958,0x00000000b6f00000)
}
Event: 1,357 GC heap before
{Heap before GC invocations=3 (full 0):
 PSYoungGen      total 37376K, used 30654K [0x00000000eaa80000, 0x00000000ef380000, 0x0000000100000000)
  eden space 32256K, 79% used [0x00000000eaa80000,0x00000000ec372dd8,0x00000000eca00000)
  from space 5120K, 99% used [0x00000000eee80000,0x00000000ef37cb08,0x00000000ef380000)
  to   space 5120K, 0% used [0x00000000eca00000,0x00000000eca00000,0x00000000ecf00000)
 ParOldGen       total 84480K, used 7783K [0x00000000c0000000, 0x00000000c5280000, 0x00000000eaa80000)
  object space 84480K, 9% used [0x00000000c0000000,0x00000000c0799ce8,0x00000000c5280000)
 PSPermGen       total 21504K, used 7048K [0x00000000b5a00000, 0x00000000b6f00000, 0x00000000c0000000)
  object space 21504K, 32% used [0x00000000b5a00000,0x00000000b60e23b0,0x00000000b6f00000)
Event: 1,384 GC heap after
Heap after GC invocations=3 (full 0):
 PSYoungGen      total 37376K, used 3259K [0x00000000eaa80000, 0x00000000ef380000, 0x0000000100000000)
  eden space 32256K, 0% used [0x00000000eaa80000,0x00000000eaa80000,0x00000000eca00000)
  from space 5120K, 63% used [0x00000000eca00000,0x00000000ecd2ec28,0x00000000ecf00000)
  to   space 5120K, 0% used [0x00000000eee80000,0x00000000eee80000,0x00000000ef380000)
 ParOldGen       total 84480K, used 12453K [0x00000000c0000000, 0x00000000c5280000, 0x00000000eaa80000)
  object space 84480K, 14% used [0x00000000c0000000,0x00000000c0c297c8,0x00000000c5280000)
 PSPermGen       total 21504K, used 7048K [0x00000000b5a00000, 0x00000000b6f00000, 0x00000000c0000000)
  object space 21504K, 32% used [0x00000000b5a00000,0x00000000b60e23b0,0x00000000b6f00000)
}
Event: 1,536 GC heap before
{Heap before GC invocations=4 (full 0):
 PSYoungGen      total 37376K, used 35515K [0x00000000eaa80000, 0x00000000ef380000, 0x0000000100000000)
  eden space 32256K, 100% used [0x00000000eaa80000,0x00000000eca00000,0x00000000eca00000)
  from space 5120K, 63% used [0x00000000eca00000,0x00000000ecd2ec28,0x00000000ecf00000)
  to   space 5120K, 0% used [0x00000000eee80000,0x00000000eee80000,0x00000000ef380000)
 ParOldGen       total 84480K, used 12453K [0x00000000c0000000, 0x00000000c5280000, 0x00000000eaa80000)
  object space 84480K, 14% used [0x00000000c0000000,0x00000000c0c297c8,0x00000000c5280000)
 PSPermGen       total 21504K, used 7071K [0x00000000b5a00000, 0x00000000b6f00000, 0x00000000c0000000)
  object space 21504K, 32% used [0x00000000b5a00000,0x00000000b60e7f70,0x00000000b6f00000)
Event: 1,548 GC heap after
Heap after GC invocations=4 (full 0):
 PSYoungGen      total 69632K, used 5095K [0x00000000eaa80000, 0x00000000ef380000, 0x0000000100000000)
  eden space 64512K, 0% used [0x00000000eaa80000,0x00000000eaa80000,0x00000000ee980000)
  from space 5120K, 99% used [0x00000000eee80000,0x00000000ef379e20,0x00000000ef380000)
  to   space 5120K, 0% used [0x00000000ee980000,0x00000000ee980000,0x00000000eee80000)
 ParOldGen       total 84480K, used 33374K [0x00000000c0000000, 0x00000000c5280000, 0x00000000eaa80000)
  object space 84480K, 39% used [0x00000000c0000000,0x00000000c2097a00,0x00000000c5280000)
 PSPermGen       total 21504K, used 7071K [0x00000000b5a00000, 0x00000000b6f00000, 0x00000000c0000000)
  object space 21504K, 32% used [0x00000000b5a00000,0x00000000b60e7f70,0x00000000b6f00000)
}
Event: 1,728 GC heap before
{Heap before GC invocations=5 (full 0):
 PSYoungGen      total 69632K, used 69607K [0x00000000eaa80000, 0x00000000ef380000, 0x0000000100000000)
  eden space 64512K, 100% used [0x00000000eaa80000,0x00000000ee980000,0x00000000ee980000)
  from space 5120K, 99% used [0x00000000eee80000,0x00000000ef379e20,0x00000000ef380000)
  to   space 5120K, 0% used [0x00000000ee980000,0x00000000ee980000,0x00000000eee80000)
 ParOldGen       total 84480K, used 33374K [0x00000000c0000000, 0x00000000c5280000, 0x00000000eaa80000)
  object space 84480K, 39% used [0x00000000c0000000,0x00000000c2097a00,0x00000000c5280000)
 PSPermGen       total 21504K, used 7091K [0x00000000b5a00000, 0x00000000b6f00000, 0x00000000c0000000)
  object space 21504K, 32% used [0x00000000b5a00000,0x00000000b60ecfe0,0x00000000b6f00000)

Deoptimization events (10 events):
Event: 0,851 Thread 0x00007f450000a800 Uncommon trap: reason=class_check action=maybe_recompile pc=0x00007f44fd0a420c method=java.util.HashMap.put(Ljava/lang/Object;Ljava/lang/Object;)Ljava/lang/Object; @ 137
Event: 0,851 Thread 0x00007f450000a800 Uncommon trap: reason=class_check action=maybe_recompile pc=0x00007f44fd0a420c method=java.util.HashMap.put(Ljava/lang/Object;Ljava/lang/Object;)Ljava/lang/Object; @ 137
Event: 0,938 Thread 0x00007f450000a800 Uncommon trap: reason=predicate action=maybe_recompile pc=0x00007f44fd0dc700 method=com.android.dex.Leb128.writeUnsignedLeb128(Lcom/android/dex/util/ByteOutput;I)V @ 9
Event: 1,022 Thread 0x00007f450000a800 Uncommon trap: reason=class_check action=maybe_recompile pc=0x00007f44fd0dd644 method=com.android.dex.Leb128.readUnsignedLeb128(Lcom/android/dex/util/ByteInput;)I @ 5
Event: 1,022 Thread 0x00007f450000a800 Uncommon trap: reason=class_check action=maybe_recompile pc=0x00007f44fd0dd644 method=com.android.dex.Leb128.readUnsignedLeb128(Lcom/android/dex/util/ByteInput;)I @ 5
Event: 1,022 Thread 0x00007f450000a800 Uncommon trap: reason=class_check action=maybe_recompile pc=0x00007f44fd0dd644 method=com.android.dex.Leb128.readUnsignedLeb128(Lcom/android/dex/util/ByteInput;)I @ 5
Event: 1,022 Thread 0x00007f450000a800 Uncommon trap: reason=class_check action=maybe_recompile pc=0x00007f44fd0dd644 method=com.android.dex.Leb128.readUnsignedLeb128(Lcom/android/dex/util/ByteInput;)I @ 5
Event: 1,125 Thread 0x00007f450000a800 Uncommon trap: reason=predicate action=maybe_recompile pc=0x00007f44fd0ec838 method=com.android.dex.Leb128.readUnsignedLeb128(Lcom/android/dex/util/ByteInput;)I @ 41
Event: 1,357 Thread 0x00007f450000a800 Uncommon trap: reason=predicate action=maybe_recompile pc=0x00007f44fd12e5a8 method=java.util.ComparableTimSort.binarySort([Ljava/lang/Object;III)V @ 37
Event: 1,722 Thread 0x00007f450000a800 Uncommon trap: reason=predicate action=maybe_recompile pc=0x00007f44fd16d598 method=java.util.TimSort.binarySort([Ljava/lang/Object;IIILjava/util/Comparator;)V @ 37

Internal exceptions (10 events):
Event: 0,951 Thread 0x00007f450000a800 Threw 0x00000000eb97fdb8 at /build/buildd/openjdk-7-7u75-2.5.4/build/openjdk/hotspot/src/share/vm/prims/jvm.cpp:1284
Event: 0,951 Thread 0x00007f450000a800 Threw 0x00000000eb983a38 at /build/buildd/openjdk-7-7u75-2.5.4/build/openjdk/hotspot/src/share/vm/prims/jvm.cpp:1284
Event: 0,951 Thread 0x00007f450000a800 Threw 0x00000000eb987808 at /build/buildd/openjdk-7-7u75-2.5.4/build/openjdk/hotspot/src/share/vm/prims/jvm.cpp:1284
Event: 0,952 Thread 0x00007f450000a800 Threw 0x00000000eb98d7d8 at /build/buildd/openjdk-7-7u75-2.5.4/build/openjdk/hotspot/src/share/vm/prims/jvm.cpp:1284
Event: 0,952 Thread 0x00007f450000a800 Threw 0x00000000eb9912e0 at /build/buildd/openjdk-7-7u75-2.5.4/build/openjdk/hotspot/src/share/vm/prims/jvm.cpp:1284
Event: 0,952 Thread 0x00007f450000a800 Threw 0x00000000eb994fe0 at /build/buildd/openjdk-7-7u75-2.5.4/build/openjdk/hotspot/src/share/vm/prims/jvm.cpp:1284
Event: 0,952 Thread 0x00007f450000a800 Threw 0x00000000eb998a30 at /build/buildd/openjdk-7-7u75-2.5.4/build/openjdk/hotspot/src/share/vm/prims/jvm.cpp:1284
Event: 0,954 Thread 0x00007f450000a800 Threw 0x00000000eb9a0508 at /build/buildd/openjdk-7-7u75-2.5.4/build/openjdk/hotspot/src/share/vm/prims/jvm.cpp:1284
Event: 0,954 Thread 0x00007f450000a800 Threw 0x00000000eb9a30b0 at /build/buildd/openjdk-7-7u75-2.5.4/build/openjdk/hotspot/src/share/vm/prims/jvm.cpp:1284
Event: 1,202 Thread 0x00007f450000a800 Threw 0x00000000ec7129f8 at /build/buildd/openjdk-7-7u75-2.5.4/build/openjdk/hotspot/src/share/vm/prims/jvm.cpp:1284

Events (10 events):
Event: 1,536 Executing VM operation: ParallelGCFailedAllocation
Event: 1,548 Executing VM operation: ParallelGCFailedAllocation done
Event: 1,558 Thread 0x00007f45000ad800 flushing nmethod 0x00007f44fd088ed0
Event: 1,558 Thread 0x00007f45000ad800 flushing nmethod 0x00007f44fd08ba90
Event: 1,721 loading class 0x00007f450561eb90
Event: 1,721 loading class 0x00007f450561eb90 done
Event: 1,722 Thread 0x00007f450000a800 Uncommon trap: trap_request=0xffffff86 fr.pc=0x00007f44fd16d598
Event: 1,722 Thread 0x00007f450000a800 DEOPT PACKING pc=0x00007f44fd16d598 sp=0x00007f450956e490
Event: 1,722 Thread 0x00007f450000a800 DEOPT UNPACKING pc=0x00007f44fd039445 sp=0x00007f450956e480 mode 2
Event: 1,728 Executing VM operation: ParallelGCFailedAllocation


Dynamic libraries:
00400000-00401000 r-xp 00000000 08:05 922018                             /usr/lib/jvm/java-7-openjdk-amd64/jre/bin/java
00600000-00601000 r--p 00000000 08:05 922018                             /usr/lib/jvm/java-7-openjdk-amd64/jre/bin/java
00601000-00602000 rw-p 00001000 08:05 922018                             /usr/lib/jvm/java-7-openjdk-amd64/jre/bin/java
00ca0000-00cc1000 rw-p 00000000 00:00 0                                  [heap]
b5a00000-b6f00000 rw-p 00000000 00:00 0 
b6f00000-c0000000 rw-p 00000000 00:00 0 
c0000000-c5280000 rw-p 00000000 00:00 0 
c5280000-eaa80000 rw-p 00000000 00:00 0 
eaa80000-ef380000 rw-p 00000000 00:00 0 
f5b80000-100000000 rw-p 00000000 00:00 0 
7f44c4000000-7f44c4021000 rw-p 00000000 00:00 0 
7f44c4021000-7f44c8000000 ---p 00000000 00:00 0 
7f44cc000000-7f44cc681000 rw-p 00000000 00:00 0 
7f44cc681000-7f44d0000000 ---p 00000000 00:00 0 
7f44d0000000-7f44d0021000 rw-p 00000000 00:00 0 
7f44d0021000-7f44d4000000 ---p 00000000 00:00 0 
7f44d4000000-7f44d4021000 rw-p 00000000 00:00 0 
7f44d4021000-7f44d8000000 ---p 00000000 00:00 0 
7f44d8000000-7f44d889d000 rw-p 00000000 00:00 0 
7f44d889d000-7f44dc000000 ---p 00000000 00:00 0 
7f44dc000000-7f44dc021000 rw-p 00000000 00:00 0 
7f44dc021000-7f44e0000000 ---p 00000000 00:00 0 
7f44e0000000-7f44e0021000 rw-p 00000000 00:00 0 
7f44e0021000-7f44e4000000 ---p 00000000 00:00 0 
7f44e4000000-7f44e4021000 rw-p 00000000 00:00 0 
7f44e4021000-7f44e8000000 ---p 00000000 00:00 0 
7f44e8000000-7f44e80e1000 rw-p 00000000 00:00 0 
7f44e80e1000-7f44ec000000 ---p 00000000 00:00 0 
7f44ec000000-7f44ec021000 rw-p 00000000 00:00 0 
7f44ec021000-7f44f0000000 ---p 00000000 00:00 0 
7f44f0000000-7f44f0021000 rw-p 00000000 00:00 0 
7f44f0021000-7f44f4000000 ---p 00000000 00:00 0 
7f44f486c000-7f44f49cd000 rw-p 00000000 00:00 0 
7f44f49cd000-7f44f4a0a000 r-xp 00000000 08:05 135428                     /lib/x86_64-linux-gnu/libpcre.so.3.13.1
7f44f4a0a000-7f44f4c09000 ---p 0003d000 08:05 135428                     /lib/x86_64-linux-gnu/libpcre.so.3.13.1
7f44f4c09000-7f44f4c0a000 r--p 0003c000 08:05 135428                     /lib/x86_64-linux-gnu/libpcre.so.3.13.1
7f44f4c0a000-7f44f4c0b000 rw-p 0003d000 08:05 135428                     /lib/x86_64-linux-gnu/libpcre.so.3.13.1
7f44f4c0b000-7f44f4c12000 r-xp 00000000 08:05 795702                     /usr/lib/x86_64-linux-gnu/libffi.so.6.0.1
7f44f4c12000-7f44f4e11000 ---p 00007000 08:05 795702                     /usr/lib/x86_64-linux-gnu/libffi.so.6.0.1
7f44f4e11000-7f44f4e12000 r--p 00006000 08:05 795702                     /usr/lib/x86_64-linux-gnu/libffi.so.6.0.1
7f44f4e12000-7f44f4e13000 rw-p 00007000 08:05 795702                     /usr/lib/x86_64-linux-gnu/libffi.so.6.0.1
7f44f4e13000-7f44f4e2a000 r-xp 00000000 08:05 131976                     /lib/x86_64-linux-gnu/libresolv-2.19.so
7f44f4e2a000-7f44f502a000 ---p 00017000 08:05 131976                     /lib/x86_64-linux-gnu/libresolv-2.19.so
7f44f502a000-7f44f502b000 r--p 00017000 08:05 131976                     /lib/x86_64-linux-gnu/libresolv-2.19.so
7f44f502b000-7f44f502c000 rw-p 00018000 08:05 131976                     /lib/x86_64-linux-gnu/libresolv-2.19.so
7f44f502c000-7f44f502e000 rw-p 00000000 00:00 0 
7f44f502e000-7f44f504e000 r-xp 00000000 08:05 135455                     /lib/x86_64-linux-gnu/libselinux.so.1
7f44f504e000-7f44f524d000 ---p 00020000 08:05 135455                     /lib/x86_64-linux-gnu/libselinux.so.1
7f44f524d000-7f44f524e000 r--p 0001f000 08:05 135455                     /lib/x86_64-linux-gnu/libselinux.so.1
7f44f524e000-7f44f524f000 rw-p 00020000 08:05 135455                     /lib/x86_64-linux-gnu/libselinux.so.1
7f44f524f000-7f44f5251000 rw-p 00000000 00:00 0 
7f44f5251000-7f44f5254000 r-xp 00000000 08:05 795836                     /usr/lib/x86_64-linux-gnu/libgmodule-2.0.so.0.4002.0
7f44f5254000-7f44f5453000 ---p 00003000 08:05 795836                     /usr/lib/x86_64-linux-gnu/libgmodule-2.0.so.0.4002.0
7f44f5453000-7f44f5454000 r--p 00002000 08:05 795836                     /usr/lib/x86_64-linux-gnu/libgmodule-2.0.so.0.4002.0
7f44f5454000-7f44f5455000 rw-p 00003000 08:05 795836                     /usr/lib/x86_64-linux-gnu/libgmodule-2.0.so.0.4002.0
7f44f5455000-7f44f555b000 r-xp 00000000 08:05 135355                     /lib/x86_64-linux-gnu/libglib-2.0.so.0.4002.0
7f44f555b000-7f44f575a000 ---p 00106000 08:05 135355                     /lib/x86_64-linux-gnu/libglib-2.0.so.0.4002.0
7f44f575a000-7f44f575b000 r--p 00105000 08:05 135355                     /lib/x86_64-linux-gnu/libglib-2.0.so.0.4002.0
7f44f575b000-7f44f575c000 rw-p 00106000 08:05 135355                     /lib/x86_64-linux-gnu/libglib-2.0.so.0.4002.0
7f44f575c000-7f44f575d000 rw-p 00000000 00:00 0 
7f44f575d000-7f44f58c9000 r-xp 00000000 08:05 795820                     /usr/lib/x86_64-linux-gnu/libgio-2.0.so.0.4002.0
7f44f58c9000-7f44f5ac8000 ---p 0016c000 08:05 795820                     /usr/lib/x86_64-linux-gnu/libgio-2.0.so.0.4002.0
7f44f5ac8000-7f44f5acc000 r--p 0016b000 08:05 795820                     /usr/lib/x86_64-linux-gnu/libgio-2.0.so.0.4002.0
7f44f5acc000-7f44f5ace000 rw-p 0016f000 08:05 795820                     /usr/lib/x86_64-linux-gnu/libgio-2.0.so.0.4002.0
7f44f5ace000-7f44f8000000 rw-p 00000000 00:00 0 
7f44f8000000-7f44f8021000 rw-p 00000000 00:00 0 
7f44f8021000-7f44fc000000 ---p 00000000 00:00 0 
7f44fc086000-7f44fc0d5000 r-xp 00000000 08:05 795860                     /usr/lib/x86_64-linux-gnu/libgobject-2.0.so.0.4002.0
7f44fc0d5000-7f44fc2d5000 ---p 0004f000 08:05 795860                     /usr/lib/x86_64-linux-gnu/libgobject-2.0.so.0.4002.0
7f44fc2d5000-7f44fc2d6000 r--p 0004f000 08:05 795860                     /usr/lib/x86_64-linux-gnu/libgobject-2.0.so.0.4002.0
7f44fc2d6000-7f44fc2d7000 rw-p 00050000 08:05 795860                     /usr/lib/x86_64-linux-gnu/libgobject-2.0.so.0.4002.0
7f44fc2d7000-7f44fc2ee000 r-xp 00000000 08:05 919405                     /usr/lib/jvm/java-7-openjdk-amd64/jre/lib/amd64/libnet.so
7f44fc2ee000-7f44fc4ed000 ---p 00017000 08:05 919405                     /usr/lib/jvm/java-7-openjdk-amd64/jre/lib/amd64/libnet.so
7f44fc4ed000-7f44fc4ee000 r--p 00016000 08:05 919405                     /usr/lib/jvm/java-7-openjdk-amd64/jre/lib/amd64/libnet.so
7f44fc4ee000-7f44fc4ef000 rw-p 00017000 08:05 919405                     /usr/lib/jvm/java-7-openjdk-amd64/jre/lib/amd64/libnet.so
7f44fc4ef000-7f44fc4ff000 r-xp 00000000 08:05 919387                     /usr/lib/jvm/java-7-openjdk-amd64/jre/lib/amd64/libnio.so
7f44fc4ff000-7f44fc6ff000 ---p 00010000 08:05 919387                     /usr/lib/jvm/java-7-openjdk-amd64/jre/lib/amd64/libnio.so
7f44fc6ff000-7f44fc700000 r--p 00010000 08:05 919387                     /usr/lib/jvm/java-7-openjdk-amd64/jre/lib/amd64/libnio.so
7f44fc700000-7f44fc701000 rw-p 00011000 08:05 919387                     /usr/lib/jvm/java-7-openjdk-amd64/jre/lib/amd64/libnio.so
7f44fc701000-7f44fc702000 ---p 00000000 00:00 0 
7f44fc702000-7f44fc802000 rw-p 00000000 00:00 0                          [stack:16405]
7f44fc802000-7f44fc805000 ---p 00000000 00:00 0 
7f44fc805000-7f44fc903000 rw-p 00000000 00:00 0                          [stack:16404]
7f44fc903000-7f44fc906000 ---p 00000000 00:00 0 
7f44fc906000-7f44fca04000 rw-p 00000000 00:00 0                          [stack:16403]
7f44fca04000-7f44fca07000 ---p 00000000 00:00 0 
7f44fca07000-7f44fcb05000 rw-p 00000000 00:00 0                          [stack:16402]
7f44fcb05000-7f44fcb08000 ---p 00000000 00:00 0 
7f44fcb08000-7f44fcc06000 rw-p 00000000 00:00 0                          [stack:16401]
7f44fcc06000-7f44fd000000 r--p 00000000 08:05 793691                     /usr/lib/locale/locale-archive
7f44fd000000-7f44fd270000 rwxp 00000000 00:00 0 
7f44fd270000-7f4500277000 rw-p 00000000 00:00 0 
7f4500277000-7f4504000000 ---p 00000000 00:00 0 
7f45040aa000-7f45040ae000 r--s 0004d000 08:05 919364                     /usr/lib/jvm/java-7-openjdk-amd64/jre/lib/jsse.jar
7f45040ae000-7f45040bd000 r--s 000dd000 00:22 2369600                    /home/joakim/Android/Sdk/build-tools/21.1.2/lib/dx.jar
7f45040bd000-7f45040c0000 ---p 00000000 00:00 0 
7f45040c0000-7f45041be000 rw-p 00000000 00:00 0                          [stack:16400]
7f45041be000-7f45041c1000 ---p 00000000 00:00 0 
7f45041c1000-7f45042bf000 rw-p 00000000 00:00 0                          [stack:16399]
7f45042bf000-7f45042c0000 ---p 00000000 00:00 0 
7f45042c0000-7f45053bd000 rw-p 00000000 00:00 0                          [stack:16398]
7f45053bd000-7f450556f000 r--s 01d23000 08:05 919331                     /usr/lib/jvm/java-7-openjdk-amd64/jre/lib/rt.jar
7f450556f000-7f45058bb000 rw-p 00000000 00:00 0 
7f45058bb000-7f45058bc000 ---p 00000000 00:00 0 
7f45058bc000-7f45059bc000 rw-p 00000000 00:00 0                          [stack:16397]
7f45059bc000-7f45059bd000 ---p 00000000 00:00 0 
7f45059bd000-7f4505abd000 rw-p 00000000 00:00 0                          [stack:16396]
7f4505abd000-7f4505abe000 ---p 00000000 00:00 0 
7f4505abe000-7f4505bbe000 rw-p 00000000 00:00 0                          [stack:16395]
7f4505bbe000-7f4505bbf000 ---p 00000000 00:00 0 
7f4505bbf000-7f4505cca000 rw-p 00000000 00:00 0                          [stack:16394]
7f4505cca000-7f4505d12000 rw-p 00000000 00:00 0 
7f4505d12000-7f4505d3c000 rw-p 00000000 00:00 0 
7f4505d3c000-7f4505e68000 rw-p 00000000 00:00 0 
7f4505e68000-7f4505e73000 rw-p 00000000 00:00 0 
7f4505e73000-7f4505ebb000 rw-p 00000000 00:00 0 
7f4505ebb000-7f4505ee5000 rw-p 00000000 00:00 0 
7f4505ee5000-7f4506010000 rw-p 00000000 00:00 0 
7f4506010000-7f4506035000 rw-p 00000000 00:00 0 
7f4506035000-7f45060bb000 rw-p 00000000 00:00 0 
7f45060bb000-7f45060bc000 rw-p 00000000 00:00 0 
7f45060bc000-7f45060c4000 r-xp 00000000 08:05 922015                     /usr/lib/jvm/java-7-openjdk-amd64/jre/lib/amd64/libzip.so
7f45060c4000-7f45062c3000 ---p 00008000 08:05 922015                     /usr/lib/jvm/java-7-openjdk-amd64/jre/lib/amd64/libzip.so
7f45062c3000-7f45062c4000 r--p 00007000 08:05 922015                     /usr/lib/jvm/java-7-openjdk-amd64/jre/lib/amd64/libzip.so
7f45062c4000-7f45062c5000 rw-p 00008000 08:05 922015                     /usr/lib/jvm/java-7-openjdk-amd64/jre/lib/amd64/libzip.so
7f45062c5000-7f45062d0000 r-xp 00000000 08:05 131980                     /lib/x86_64-linux-gnu/libnss_files-2.19.so
7f45062d0000-7f45064cf000 ---p 0000b000 08:05 131980                     /lib/x86_64-linux-gnu/libnss_files-2.19.so
7f45064cf000-7f45064d0000 r--p 0000a000 08:05 131980                     /lib/x86_64-linux-gnu/libnss_files-2.19.so
7f45064d0000-7f45064d1000 rw-p 0000b000 08:05 131980                     /lib/x86_64-linux-gnu/libnss_files-2.19.so
7f45064d1000-7f45064dc000 r-xp 00000000 08:05 135472                     /lib/x86_64-linux-gnu/libnss_nis-2.19.so
7f45064dc000-7f45066db000 ---p 0000b000 08:05 135472                     /lib/x86_64-linux-gnu/libnss_nis-2.19.so
7f45066db000-7f45066dc000 r--p 0000a000 08:05 135472                     /lib/x86_64-linux-gnu/libnss_nis-2.19.so
7f45066dc000-7f45066dd000 rw-p 0000b000 08:05 135472                     /lib/x86_64-linux-gnu/libnss_nis-2.19.so
7f45066dd000-7f45066f4000 r-xp 00000000 08:05 131998                     /lib/x86_64-linux-gnu/libnsl-2.19.so
7f45066f4000-7f45068f3000 ---p 00017000 08:05 131998                     /lib/x86_64-linux-gnu/libnsl-2.19.so
7f45068f3000-7f45068f4000 r--p 00016000 08:05 131998                     /lib/x86_64-linux-gnu/libnsl-2.19.so
7f45068f4000-7f45068f5000 rw-p 00017000 08:05 131998                     /lib/x86_64-linux-gnu/libnsl-2.19.so
7f45068f5000-7f45068f7000 rw-p 00000000 00:00 0 
7f45068f7000-7f4506900000 r-xp 00000000 08:05 131996                     /lib/x86_64-linux-gnu/libnss_compat-2.19.so
7f4506900000-7f4506aff000 ---p 00009000 08:05 131996                     /lib/x86_64-linux-gnu/libnss_compat-2.19.so
7f4506aff000-7f4506b00000 r--p 00008000 08:05 131996                     /lib/x86_64-linux-gnu/libnss_compat-2.19.so
7f4506b00000-7f4506b01000 rw-p 00009000 08:05 131996                     /lib/x86_64-linux-gnu/libnss_compat-2.19.so
7f4506b01000-7f4506b2c000 r-xp 00000000 08:05 919423                     /usr/lib/jvm/java-7-openjdk-amd64/jre/lib/amd64/libjava.so
7f4506b2c000-7f4506d2c000 ---p 0002b000 08:05 919423                     /usr/lib/jvm/java-7-openjdk-amd64/jre/lib/amd64/libjava.so
7f4506d2c000-7f4506d2d000 r--p 0002b000 08:05 919423                     /usr/lib/jvm/java-7-openjdk-amd64/jre/lib/amd64/libjava.so
7f4506d2d000-7f4506d2f000 rw-p 0002c000 08:05 919423                     /usr/lib/jvm/java-7-openjdk-amd64/jre/lib/amd64/libjava.so
7f4506d2f000-7f4506d3f000 r-xp 00000000 08:05 919421                     /usr/lib/jvm/java-7-openjdk-amd64/jre/lib/amd64/libverify.so
7f4506d3f000-7f4506f3e000 ---p 00010000 08:05 919421                     /usr/lib/jvm/java-7-openjdk-amd64/jre/lib/amd64/libverify.so
7f4506f3e000-7f4506f40000 r--p 0000f000 08:05 919421                     /usr/lib/jvm/java-7-openjdk-amd64/jre/lib/amd64/libverify.so
7f4506f40000-7f4506f41000 rw-p 00011000 08:05 919421                     /usr/lib/jvm/java-7-openjdk-amd64/jre/lib/amd64/libverify.so
7f4506f41000-7f4506f48000 r-xp 00000000 08:05 135463                     /lib/x86_64-linux-gnu/librt-2.19.so
7f4506f48000-7f4507147000 ---p 00007000 08:05 135463                     /lib/x86_64-linux-gnu/librt-2.19.so
7f4507147000-7f4507148000 r--p 00006000 08:05 135463                     /lib/x86_64-linux-gnu/librt-2.19.so
7f4507148000-7f4507149000 rw-p 00007000 08:05 135463                     /lib/x86_64-linux-gnu/librt-2.19.so
7f4507149000-7f450715f000 r-xp 00000000 08:05 135351                     /lib/x86_64-linux-gnu/libgcc_s.so.1
7f450715f000-7f450735e000 ---p 00016000 08:05 135351                     /lib/x86_64-linux-gnu/libgcc_s.so.1
7f450735e000-7f450735f000 rw-p 00015000 08:05 135351                     /lib/x86_64-linux-gnu/libgcc_s.so.1
7f450735f000-7f4507464000 r-xp 00000000 08:05 131978                     /lib/x86_64-linux-gnu/libm-2.19.so
7f4507464000-7f4507663000 ---p 00105000 08:05 131978                     /lib/x86_64-linux-gnu/libm-2.19.so
7f4507663000-7f4507664000 r--p 00104000 08:05 131978                     /lib/x86_64-linux-gnu/libm-2.19.so
7f4507664000-7f4507665000 rw-p 00105000 08:05 131978                     /lib/x86_64-linux-gnu/libm-2.19.so
7f4507665000-7f450774b000 r-xp 00000000 08:05 796415                     /usr/lib/x86_64-linux-gnu/libstdc++.so.6.0.19
7f450774b000-7f450794a000 ---p 000e6000 08:05 796415                     /usr/lib/x86_64-linux-gnu/libstdc++.so.6.0.19
7f450794a000-7f4507952000 r--p 000e5000 08:05 796415                     /usr/lib/x86_64-linux-gnu/libstdc++.so.6.0.19
7f4507952000-7f4507954000 rw-p 000ed000 08:05 796415                     /usr/lib/x86_64-linux-gnu/libstdc++.so.6.0.19
7f4507954000-7f4507969000 rw-p 00000000 00:00 0 
7f4507969000-7f4508481000 r-xp 00000000 08:05 919431                     /usr/lib/jvm/java-7-openjdk-amd64/jre/lib/amd64/server/libjvm.so
7f4508481000-7f4508681000 ---p 00b18000 08:05 919431                     /usr/lib/jvm/java-7-openjdk-amd64/jre/lib/amd64/server/libjvm.so
7f4508681000-7f450871b000 r--p 00b18000 08:05 919431                     /usr/lib/jvm/java-7-openjdk-amd64/jre/lib/amd64/server/libjvm.so
7f450871b000-7f450873e000 rw-p 00bb2000 08:05 919431                     /usr/lib/jvm/java-7-openjdk-amd64/jre/lib/amd64/server/libjvm.so
7f450873e000-7f450876c000 rw-p 00000000 00:00 0 
7f450876c000-7f4508784000 r-xp 00000000 08:05 135488                     /lib/x86_64-linux-gnu/libz.so.1.2.8
7f4508784000-7f4508983000 ---p 00018000 08:05 135488                     /lib/x86_64-linux-gnu/libz.so.1.2.8
7f4508983000-7f4508984000 r--p 00017000 08:05 135488                     /lib/x86_64-linux-gnu/libz.so.1.2.8
7f4508984000-7f4508985000 rw-p 00018000 08:05 135488                     /lib/x86_64-linux-gnu/libz.so.1.2.8
7f4508985000-7f450899e000 r-xp 00000000 08:05 135398                     /lib/x86_64-linux-gnu/libpthread-2.19.so
7f450899e000-7f4508b9d000 ---p 00019000 08:05 135398                     /lib/x86_64-linux-gnu/libpthread-2.19.so
7f4508b9d000-7f4508b9e000 r--p 00018000 08:05 135398                     /lib/x86_64-linux-gnu/libpthread-2.19.so
7f4508b9e000-7f4508b9f000 rw-p 00019000 08:05 135398                     /lib/x86_64-linux-gnu/libpthread-2.19.so
7f4508b9f000-7f4508ba3000 rw-p 00000000 00:00 0 
7f4508ba3000-7f4508ba6000 r-xp 00000000 08:05 131986                     /lib/x86_64-linux-gnu/libdl-2.19.so
7f4508ba6000-7f4508da5000 ---p 00003000 08:05 131986                     /lib/x86_64-linux-gnu/libdl-2.19.so
7f4508da5000-7f4508da6000 r--p 00002000 08:05 131986                     /lib/x86_64-linux-gnu/libdl-2.19.so
7f4508da6000-7f4508da7000 rw-p 00003000 08:05 131986                     /lib/x86_64-linux-gnu/libdl-2.19.so
7f4508da7000-7f4508f62000 r-xp 00000000 08:05 135396                     /lib/x86_64-linux-gnu/libc-2.19.so
7f4508f62000-7f4509161000 ---p 001bb000 08:05 135396                     /lib/x86_64-linux-gnu/libc-2.19.so
7f4509161000-7f4509165000 r--p 001ba000 08:05 135396                     /lib/x86_64-linux-gnu/libc-2.19.so
7f4509165000-7f4509167000 rw-p 001be000 08:05 135396                     /lib/x86_64-linux-gnu/libc-2.19.so
7f4509167000-7f450916c000 rw-p 00000000 00:00 0 
7f450916c000-7f4509179000 r-xp 00000000 08:05 919378                     /usr/lib/jvm/java-7-openjdk-amd64/jre/lib/amd64/jli/libjli.so
7f4509179000-7f4509378000 ---p 0000d000 08:05 919378                     /usr/lib/jvm/java-7-openjdk-amd64/jre/lib/amd64/jli/libjli.so
7f4509378000-7f4509379000 r--p 0000c000 08:05 919378                     /usr/lib/jvm/java-7-openjdk-amd64/jre/lib/amd64/jli/libjli.so
7f4509379000-7f450937a000 rw-p 0000d000 08:05 919378                     /usr/lib/jvm/java-7-openjdk-amd64/jre/lib/amd64/jli/libjli.so
7f450937a000-7f450939d000 r-xp 00000000 08:05 132002                     /lib/x86_64-linux-gnu/ld-2.19.so
7f450939e000-7f450939f000 rw-p 00000000 00:00 0 
7f450939f000-7f45093a3000 r--s 00034000 08:05 919342                     /usr/lib/jvm/java-7-openjdk-amd64/jre/lib/ext/sunjce_provider.jar
7f45093a3000-7f45093a6000 r--s 0000f000 08:05 919338                     /usr/lib/jvm/java-7-openjdk-amd64/jre/lib/ext/icedtea-sound.jar
7f45093a6000-7f45093aa000 r--s 0003c000 08:05 919340                     /usr/lib/jvm/java-7-openjdk-amd64/jre/lib/ext/sunpkcs11.jar
7f45093aa000-7f45093ad000 r--s 00086000 08:05 919348                     /usr/lib/jvm/java-7-openjdk-amd64/jre/lib/ext/localedata.jar
7f45093ad000-7f45093af000 r--s 00006000 08:05 1189401                    /usr/share/java/java-atk-wrapper.jar
7f45093af000-7f45093b9000 rw-p 00000000 00:00 0 
7f45093b9000-7f450946f000 rw-p 00000000 00:00 0 
7f450946f000-7f4509472000 ---p 00000000 00:00 0 
7f4509472000-7f4509575000 rw-p 00000000 00:00 0                          [stack:16393]
7f4509575000-7f4509576000 r--s 00002000 08:05 919346                     /usr/lib/jvm/java-7-openjdk-amd64/jre/lib/ext/dnsns.jar
7f4509576000-7f4509578000 r--s 00012000 08:05 919344                     /usr/lib/jvm/java-7-openjdk-amd64/jre/lib/ext/zipfs.jar
7f4509578000-7f4509590000 rw-p 00000000 00:00 0 
7f4509590000-7f4509598000 rw-s 00000000 08:05 524453                     /tmp/hsperfdata_joakim/16388
7f4509598000-7f4509599000 rw-p 00000000 00:00 0 
7f4509599000-7f450959a000 ---p 00000000 00:00 0 
7f450959a000-7f450959c000 rw-p 00000000 00:00 0 
7f450959c000-7f450959d000 r--p 00022000 08:05 132002                     /lib/x86_64-linux-gnu/ld-2.19.so
7f450959d000-7f450959e000 rw-p 00023000 08:05 132002                     /lib/x86_64-linux-gnu/ld-2.19.so
7f450959e000-7f450959f000 rw-p 00000000 00:00 0 
7fff7498c000-7fff749ad000 rw-p 00000000 00:00 0                          [stack]
7fff749d4000-7fff749d6000 r-xp 00000000 00:00 0                          [vdso]
ffffffffff600000-ffffffffff601000 r-xp 00000000 00:00 0                  [vsyscall]

VM Arguments:
jvm_args: -Xmx1024M -Dfile.encoding=UTF-8 -Duser.country=US -Duser.language=en -Duser.variant 
java_command: com.android.dx.command.Main --dex --output /home/joakim/floobits/share/lovelaze/SuperiorTraining/app/build/intermediates/dex/debug /home/joakim/floobits/share/lovelaze/SuperiorTraining/app/build/intermediates/classes/debug /home/joakim/floobits/share/lovelaze/SuperiorTraining/app/build/intermediates/pre-dexed/debug/support-annotations-22.0.0-ab1971179f4f4c086b766ddd0f2dcc02e341168c.jar /home/joakim/floobits/share/lovelaze/SuperiorTraining/app/build/intermediates/pre-dexed/debug/internal_impl-22.0.0-bbdf114f3f03b6bb33d9fafb68c0887903a0f38a.jar /home/joakim/floobits/share/lovelaze/SuperiorTraining/app/build/intermediates/pre-dexed/debug/classes-72d77c1db25fe9ec5404e7669bf721a81f701198.jar /home/joakim/floobits/share/lovelaze/SuperiorTraining/app/build/intermediates/pre-dexed/debug/classes-dcbfdda705321cc93b42c8b6dc4ef5a627ed1222.jar /home/joakim/floobits/share/lovelaze/SuperiorTraining/app/build/intermediates/pre-dexed/debug/classes-f97babe517b68e23e2e20b4395c7bde9dc76d827.jar
Launcher Type: SUN_STANDARD

Environment Variables:
JAVA_HOME=/usr/lib/jvm/java-8-oracle
CLASSPATH=/opt/android-studio/bin/../lib/bootstrap.jar:/opt/android-studio/bin/../lib/extensions.jar:/opt/android-studio/bin/../lib/util.jar:/opt/android-studio/bin/../lib/jdom.jar:/opt/android-studio/bin/../lib/log4j.jar:/opt/android-studio/bin/../lib/trove4j.jar:/opt/android-studio/bin/../lib/jna.jar:/usr/lib/jvm/java-8-oracle/lib/tools.jar
PATH=/usr/local/sbin:/usr/local/bin:/usr/sbin:/usr/bin:/sbin:/bin:/usr/games:/usr/local/games:/usr/lib/jvm/java-8-oracle/bin:/usr/lib/jvm/java-8-oracle/db/bin:/usr/lib/jvm/java-8-oracle/jre/bin
USERNAME=joakim
LD_LIBRARY_PATH=/opt/android-studio/bin:
SHELL=/bin/bash
DISPLAY=:0

Signal Handlers:
SIGSEGV: [libjvm.so+0x94b4b0], sa_mask[0]=0x7ffbfeff, sa_flags=0x10000004
SIGBUS: [libjvm.so+0x94b4b0], sa_mask[0]=0x7ffbfeff, sa_flags=0x10000004
SIGFPE: [libjvm.so+0x7c3390], sa_mask[0]=0x7ffbfeff, sa_flags=0x10000004
SIGPIPE: [libjvm.so+0x7c3390], sa_mask[0]=0x7ffbfeff, sa_flags=0x10000004
SIGXFSZ: [libjvm.so+0x7c3390], sa_mask[0]=0x7ffbfeff, sa_flags=0x10000004
SIGILL: [libjvm.so+0x7c3390], sa_mask[0]=0x7ffbfeff, sa_flags=0x10000004
SIGUSR1: SIG_DFL, sa_mask[0]=0x00000000, sa_flags=0x00000000
SIGUSR2: [libjvm.so+0x7c3230], sa_mask[0]=0x00000004, sa_flags=0x10000004
SIGHUP: [libjvm.so+0x7c3410], sa_mask[0]=0x7ffbfeff, sa_flags=0x10000004
SIGINT: [libjvm.so+0x7c3410], sa_mask[0]=0x7ffbfeff, sa_flags=0x10000004
SIGTERM: [libjvm.so+0x7c3410], sa_mask[0]=0x7ffbfeff, sa_flags=0x10000004
SIGQUIT: [libjvm.so+0x7c3410], sa_mask[0]=0x7ffbfeff, sa_flags=0x10000004
SIGTRAP: SIG_DFL, sa_mask[0]=0x00000000, sa_flags=0x00000000


---------------  S Y S T E M  ---------------

OS:LinuxMint 17.1 (rebecca)
uname:Linux 3.13.0-37-generic #64-Ubuntu SMP Mon Sep 22 21:28:38 UTC 2014 x86_64
libc:glibc 2.19 NPTL 2.19 
rlimit: STACK 8192k, CORE 0k, NPROC 63343, NOFILE 4096, AS infinity
load average:1,40 1,28 1,81

/proc/meminfo:
MemTotal:        8138632 kB
MemFree:          140040 kB
Buffers:             664 kB
Cached:           207836 kB
SwapCached:            0 kB
Active:          7320180 kB
Inactive:         176376 kB
Active(anon):    7302136 kB
Inactive(anon):   162308 kB
Active(file):      18044 kB
Inactive(file):    14068 kB
Unevictable:         592 kB
Mlocked:             592 kB
SwapTotal:             0 kB
SwapFree:              0 kB
Dirty:               936 kB
Writeback:             0 kB
AnonPages:       7289472 kB
Mapped:           408420 kB
Shmem:            175568 kB
Slab:             125496 kB
SReclaimable:      43528 kB
SUnreclaim:        81968 kB
KernelStack:        6784 kB
PageTables:        64600 kB
NFS_Unstable:          0 kB
Bounce:                0 kB
WritebackTmp:          0 kB
CommitLimit:     4069316 kB
Committed_AS:   12996776 kB
VmallocTotal:   34359738367 kB
VmallocUsed:      126676 kB
VmallocChunk:   34359604724 kB
HardwareCorrupted:     0 kB
AnonHugePages:   2146304 kB
HugePages_Total:       0
HugePages_Free:        0
HugePages_Rsvd:        0
HugePages_Surp:        0
Hugepagesize:       2048 kB
DirectMap4k:      514784 kB
DirectMap2M:     7835648 kB


CPU:total 4 (4 cores per cpu, 1 threads per core) family 6 model 58 stepping 9, cmov, cx8, fxsr, mmx, sse, sse2, sse3, ssse3, sse4.1, sse4.2, popcnt, avx, aes, erms, tsc, tscinvbit, tscinv

/proc/cpuinfo:
processor	: 0
vendor_id	: GenuineIntel
cpu family	: 6
model		: 58
model name	: Intel(R) Core(TM) i5-3570K CPU @ 3.40GHz
stepping	: 9
microcode	: 0x10
cpu MHz		: 3801.000
cache size	: 6144 KB
physical id	: 0
siblings	: 4
core id		: 0
cpu cores	: 4
apicid		: 0
initial apicid	: 0
fpu		: yes
fpu_exception	: yes
cpuid level	: 13
wp		: yes
flags		: fpu vme de pse tsc msr pae mce cx8 apic sep mtrr pge mca cmov pat pse36 clflush dts acpi mmx fxsr sse sse2 ss ht tm pbe syscall nx rdtscp lm constant_tsc arch_perfmon pebs bts rep_good nopl xtopology nonstop_tsc aperfmperf eagerfpu pni pclmulqdq dtes64 monitor ds_cpl vmx est tm2 ssse3 cx16 xtpr pdcm pcid sse4_1 sse4_2 popcnt tsc_deadline_timer aes xsave avx f16c rdrand lahf_lm ida arat epb xsaveopt pln pts dtherm tpr_shadow vnmi flexpriority ept vpid fsgsbase smep erms
bogomips	: 6860.05
clflush size	: 64
cache_alignment	: 64
address sizes	: 36 bits physical, 48 bits virtual
power management:

processor	: 1
vendor_id	: GenuineIntel
cpu family	: 6
model		: 58
model name	: Intel(R) Core(TM) i5-3570K CPU @ 3.40GHz
stepping	: 9
microcode	: 0x10
cpu MHz		: 3801.000
cache size	: 6144 KB
physical id	: 0
siblings	: 4
core id		: 1
cpu cores	: 4
apicid		: 2
initial apicid	: 2
fpu		: yes
fpu_exception	: yes
cpuid level	: 13
wp		: yes
flags		: fpu vme de pse tsc msr pae mce cx8 apic sep mtrr pge mca cmov pat pse36 clflush dts acpi mmx fxsr sse sse2 ss ht tm pbe syscall nx rdtscp lm constant_tsc arch_perfmon pebs bts rep_good nopl xtopology nonstop_tsc aperfmperf eagerfpu pni pclmulqdq dtes64 monitor ds_cpl vmx est tm2 ssse3 cx16 xtpr pdcm pcid sse4_1 sse4_2 popcnt tsc_deadline_timer aes xsave avx f16c rdrand lahf_lm ida arat epb xsaveopt pln pts dtherm tpr_shadow vnmi flexpriority ept vpid fsgsbase smep erms
bogomips	: 6860.05
clflush size	: 64
cache_alignment	: 64
address sizes	: 36 bits physical, 48 bits virtual
power management:

processor	: 2
vendor_id	: GenuineIntel
cpu family	: 6
model		: 58
model name	: Intel(R) Core(TM) i5-3570K CPU @ 3.40GHz
stepping	: 9
microcode	: 0x10
cpu MHz		: 1800.000
cache size	: 6144 KB
physical id	: 0
siblings	: 4
core id		: 2
cpu cores	: 4
apicid		: 4
initial apicid	: 4
fpu		: yes
fpu_exception	: yes
cpuid level	: 13
wp		: yes
flags		: fpu vme de pse tsc msr pae mce cx8 apic sep mtrr pge mca cmov pat pse36 clflush dts acpi mmx fxsr sse sse2 ss ht tm pbe syscall nx rdtscp lm constant_tsc arch_perfmon pebs bts rep_good nopl xtopology nonstop_tsc aperfmperf eagerfpu pni pclmulqdq dtes64 monitor ds_cpl vmx est tm2 ssse3 cx16 xtpr pdcm pcid sse4_1 sse4_2 popcnt tsc_deadline_timer aes xsave avx f16c rdrand lahf_lm ida arat epb xsaveopt pln pts dtherm tpr_shadow vnmi flexpriority ept vpid fsgsbase smep erms
bogomips	: 6860.05
clflush size	: 64
cache_alignment	: 64
address sizes	: 36 bits physical, 48 bits virtual
power management:

processor	: 3
vendor_id	: GenuineIntel
cpu family	: 6
model		: 58
model name	: Intel(R) Core(TM) i5-3570K CPU @ 3.40GHz
stepping	: 9
microcode	: 0x10
cpu MHz		: 2700.000
cache size	: 6144 KB
physical id	: 0
siblings	: 4
core id		: 3
cpu cores	: 4
apicid		: 6
initial apicid	: 6
fpu		: yes
fpu_exception	: yes
cpuid level	: 13
wp		: yes
flags		: fpu vme de pse tsc msr pae mce cx8 apic sep mtrr pge mca cmov pat pse36 clflush dts acpi mmx fxsr sse sse2 ss ht tm pbe syscall nx rdtscp lm constant_tsc arch_perfmon pebs bts rep_good nopl xtopology nonstop_tsc aperfmperf eagerfpu pni pclmulqdq dtes64 monitor ds_cpl vmx est tm2 ssse3 cx16 xtpr pdcm pcid sse4_1 sse4_2 popcnt tsc_deadline_timer aes xsave avx f16c rdrand lahf_lm ida arat epb xsaveopt pln pts dtherm tpr_shadow vnmi flexpriority ept vpid fsgsbase smep erms
bogomips	: 6860.05
clflush size	: 64
cache_alignment	: 64
address sizes	: 36 bits physical, 48 bits virtual
power management:



Memory: 4k page, physical 8138632k(142536k free), swap 0k(0k free)

vm_info: OpenJDK 64-Bit Server VM (24.75-b04) for linux-amd64 JRE (1.7.0_75-b13), built on Jan 27 2015 00:38:59 by "buildd" with gcc 4.8.2

time: Wed Apr  8 15:42:27 2015
elapsed time: 1 seconds

