#
# There is insufficient memory for the Java Runtime Environment to continue.
# Native memory allocation (malloc) failed to allocate 123731968 bytes for committing reserved memory.
# Possible reasons:
#   The system is out of physical RAM or swap space
#   In 32 bit mode, the process size limit was hit
# Possible solutions:
#   Reduce memory load on the system
#   Increase physical memory or swap space
#   Check if swap backing store is full
#   Use 64 bit Java on a 64 bit OS
#   Decrease Java heap size (-Xmx/-Xms)
#   Decrease number of Java threads
#   Decrease Java thread stack sizes (-Xss)
#   Set larger code cache with -XX:ReservedCodeCacheSize=
# This output file may be truncated or incomplete.
#
#  Out of Memory Error (os_linux.cpp:2798), pid=16541, tid=140278735824640
#
# JRE version: OpenJDK Runtime Environment (7.0_75-b13) (build 1.7.0_75-b13)
# Java VM: OpenJDK 64-Bit Server VM (24.75-b04 mixed mode linux-amd64 compressed oops)
# Derivative: IcedTea 2.5.4
# Distribution: Ubuntu 14.04 LTS, package 7u75-2.5.4-1~trusty1
# Failed to write core dump. Core dumps have been disabled. To enable core dumping, try "ulimit -c unlimited" before starting Java again
#

---------------  T H R E A D  ---------------

Current thread (0x00007f952c076000):  VMThread [stack: 0x00007f953027e000,0x00007f953037f000] [id=16550]

Stack: [0x00007f953027e000,0x00007f953037f000],  sp=0x00007f953037d490,  free space=1021k
Native frames: (J=compiled Java code, j=interpreted, Vv=VM code, C=native code)
V  [libjvm.so+0x94a9d5]  VMError::report_and_die()+0x175
V  [libjvm.so+0x48b954]  report_vm_out_of_memory(char const*, int, unsigned long, char const*)+0x74
V  [libjvm.so+0x7c7b7b]  os::pd_commit_memory(char*, unsigned long, unsigned long, bool)+0xeb
V  [libjvm.so+0x7c263f]  os::commit_memory(char*, unsigned long, unsigned long, bool)+0x1f
V  [libjvm.so+0x834b1b]  PSVirtualSpace::expand_by(unsigned long)+0x5b
V  [libjvm.so+0x835970]  PSYoungGen::resize_generation(unsigned long, unsigned long)+0xb0
V  [libjvm.so+0x83605b]  PSYoungGen::resize(unsigned long, unsigned long)+0x1b
V  [libjvm.so+0x832340]  PSScavenge::invoke_no_policy()+0xde0
V  [libjvm.so+0x832b18]  PSScavenge::invoke()+0x38
V  [libjvm.so+0x7e9203]  ParallelScavengeHeap::failed_mem_allocate(unsigned long)+0x63
V  [libjvm.so+0x94c3d4]  VM_ParallelGCFailedAllocation::doit()+0x84
V  [libjvm.so+0x9508d7]  VM_Operation::evaluate()+0x47
V  [libjvm.so+0x94f248]  VMThread::evaluate_operation(VM_Operation*)+0x318
V  [libjvm.so+0x94f6a9]  VMThread::loop()+0x219
V  [libjvm.so+0x94faf2]  VMThread::run()+0x72
V  [libjvm.so+0x7c4a42]  java_start(Thread*)+0xf2

VM_Operation (0x00007f953552d330): ParallelGCFailedAllocation, mode: safepoint, requested by thread 0x00007f952c00a800


---------------  P R O C E S S  ---------------

Java Threads: ( => current thread )
  0x00007f952c0b0000 JavaThread "Service Thread" daemon [_thread_blocked, id=16556, stack(0x00007f9528802000,0x00007f9528903000)]
  0x00007f952c0ad800 JavaThread "C2 CompilerThread1" daemon [_thread_blocked, id=16555, stack(0x00007f9528903000,0x00007f9528a04000)]
  0x00007f952c0aa800 JavaThread "C2 CompilerThread0" daemon [_thread_blocked, id=16554, stack(0x00007f9528a04000,0x00007f9528b05000)]
  0x00007f952c0a8800 JavaThread "Signal Dispatcher" daemon [_thread_blocked, id=16553, stack(0x00007f9528b05000,0x00007f9528c06000)]
  0x00007f952c07c800 JavaThread "Finalizer" daemon [_thread_blocked, id=16552, stack(0x00007f953007c000,0x00007f953017d000)]
  0x00007f952c07a800 JavaThread "Reference Handler" daemon [_thread_blocked, id=16551, stack(0x00007f953017d000,0x00007f953027e000)]
  0x00007f952c00a800 JavaThread "main" [_thread_blocked, id=16545, stack(0x00007f953542e000,0x00007f953552f000)]

Other Threads:
=>0x00007f952c076000 VMThread [stack: 0x00007f953027e000,0x00007f953037f000] [id=16550]
  0x00007f952c0ba800 WatcherThread [stack: 0x00007f9528701000,0x00007f9528802000] [id=16557]

VM state:at safepoint (normal execution)

VM Mutex/Monitor currently owned by a thread:  ([mutex/lock_event])
[0x00007f952c006fb0] Threads_lock - owner thread: 0x00007f952c076000
[0x00007f952c0074b0] Heap_lock - owner thread: 0x00007f952c00a800

Heap
 PSYoungGen      total 69632K, used 5095K [0x00000000eaa80000, 0x00000000ef380000, 0x0000000100000000)
  eden space 64512K, 0% used [0x00000000eaa80000,0x00000000eaa80000,0x00000000ee980000)
  from space 5120K, 99% used [0x00000000ee980000,0x00000000eee79cf0,0x00000000eee80000)
  to   space 5120K, 0% used [0x00000000eee80000,0x00000000eee80000,0x00000000ef380000)
 ParOldGen       total 84480K, used 53472K [0x00000000c0000000, 0x00000000c5280000, 0x00000000eaa80000)
  object space 84480K, 63% used [0x00000000c0000000,0x00000000c3438260,0x00000000c5280000)
 PSPermGen       total 21504K, used 7090K [0x00000000b5a00000, 0x00000000b6f00000, 0x00000000c0000000)
  object space 21504K, 32% used [0x00000000b5a00000,0x00000000b60ec9b0,0x00000000b6f00000)

Card table byte_map: [0x00007f9531e27000,0x00007f953207b000] byte_map_base: 0x00007f953187a000

Polling page: 0x00007f9535558000

Code Cache  [0x00007f9529000000, 0x00007f9529270000, 0x00007f952c000000)
 total_blobs=817 nmethods=568 adapters=202 free_code_cache=47592Kb largest_free_block=48696448

Compilation events (10 events):
Event: 1,660 Thread 0x00007f952c0aa800 nmethod 567 0x00007f952917fbd0 code [0x00007f952917fd40, 0x00007f952917ff48]
Event: 1,660 Thread 0x00007f952c0aa800  568             java.util.Collections::sort (52 bytes)
Event: 1,660 Thread 0x00007f952c0ad800 nmethod 566 0x00007f952917f410 code [0x00007f952917f580, 0x00007f952917f7a8]
Event: 1,667 Thread 0x00007f952c0aa800 nmethod 568 0x00007f952917e890 code [0x00007f952917ea00, 0x00007f952917f048]
Event: 1,669 Thread 0x00007f952c0ad800  569             com.android.dx.merge.DexMerger::transformAnnotationSets (51 bytes)
Event: 1,670 Thread 0x00007f952c0ad800 nmethod 569 0x00007f952917e490 code [0x00007f952917e5e0, 0x00007f952917e718]
Event: 1,670 Thread 0x00007f952c0aa800  570             com.android.dx.merge.DexMerger::getSortedTypes (139 bytes)
Event: 1,674 Thread 0x00007f952c0aa800 nmethod 570 0x00007f9529181290 code [0x00007f9529181460, 0x00007f95291817a0]
Event: 1,675 Thread 0x00007f952c0ad800  571             com.android.dex.Dex$ClassDefIterator::next (5 bytes)
Event: 1,675 Thread 0x00007f952c0aa800  572             com.android.dex.Dex$ClassDefIterator::next (33 bytes)

GC Heap History (9 events):
Event: 0,712 GC heap before
{Heap before GC invocations=1 (full 0):
 PSYoungGen      total 37376K, used 30868K [0x00000000eaa80000, 0x00000000ed400000, 0x0000000100000000)
  eden space 32256K, 95% used [0x00000000eaa80000,0x00000000ec8a5358,0x00000000eca00000)
  from space 5120K, 0% used [0x00000000ecf00000,0x00000000ecf00000,0x00000000ed400000)
  to   space 5120K, 0% used [0x00000000eca00000,0x00000000eca00000,0x00000000ecf00000)
 ParOldGen       total 84480K, used 0K [0x00000000c0000000, 0x00000000c5280000, 0x00000000eaa80000)
  object space 84480K, 0% used [0x00000000c0000000,0x00000000c0000000,0x00000000c5280000)
 PSPermGen       total 21504K, used 5656K [0x00000000b5a00000, 0x00000000b6f00000, 0x00000000c0000000)
  object space 21504K, 26% used [0x00000000b5a00000,0x00000000b5f86398,0x00000000b6f00000)
Event: 0,718 GC heap after
Heap after GC invocations=1 (full 0):
 PSYoungGen      total 37376K, used 5119K [0x00000000eaa80000, 0x00000000ed400000, 0x0000000100000000)
  eden space 32256K, 0% used [0x00000000eaa80000,0x00000000eaa80000,0x00000000eca00000)
  from space 5120K, 99% used [0x00000000eca00000,0x00000000eceffdc8,0x00000000ecf00000)
  to   space 5120K, 0% used [0x00000000ecf00000,0x00000000ecf00000,0x00000000ed400000)
 ParOldGen       total 84480K, used 2537K [0x00000000c0000000, 0x00000000c5280000, 0x00000000eaa80000)
  object space 84480K, 3% used [0x00000000c0000000,0x00000000c027a438,0x00000000c5280000)
 PSPermGen       total 21504K, used 5656K [0x00000000b5a00000, 0x00000000b6f00000, 0x00000000c0000000)
  object space 21504K, 26% used [0x00000000b5a00000,0x00000000b5f86398,0x00000000b6f00000)
}
Event: 1,205 GC heap before
{Heap before GC invocations=2 (full 0):
 PSYoungGen      total 37376K, used 36695K [0x00000000eaa80000, 0x00000000ed400000, 0x0000000100000000)
  eden space 32256K, 97% used [0x00000000eaa80000,0x00000000ec956220,0x00000000eca00000)
  from space 5120K, 99% used [0x00000000eca00000,0x00000000eceffdc8,0x00000000ecf00000)
  to   space 5120K, 0% used [0x00000000ecf00000,0x00000000ecf00000,0x00000000ed400000)
 ParOldGen       total 84480K, used 2537K [0x00000000c0000000, 0x00000000c5280000, 0x00000000eaa80000)
  object space 84480K, 3% used [0x00000000c0000000,0x00000000c027a438,0x00000000c5280000)
 PSPermGen       total 21504K, used 7020K [0x00000000b5a00000, 0x00000000b6f00000, 0x00000000c0000000)
  object space 21504K, 32% used [0x00000000b5a00000,0x00000000b60db328,0x00000000b6f00000)
Event: 1,208 GC heap after
Heap after GC invocations=2 (full 0):
 PSYoungGen      total 37376K, used 5092K [0x00000000eaa80000, 0x00000000ed400000, 0x0000000100000000)
  eden space 32256K, 0% used [0x00000000eaa80000,0x00000000eaa80000,0x00000000eca00000)
  from space 5120K, 99% used [0x00000000ecf00000,0x00000000ed3f9210,0x00000000ed400000)
  to   space 5120K, 0% used [0x00000000eca00000,0x00000000eca00000,0x00000000ecf00000)
 ParOldGen       total 84480K, used 8111K [0x00000000c0000000, 0x00000000c5280000, 0x00000000eaa80000)
  object space 84480K, 9% used [0x00000000c0000000,0x00000000c07ebf88,0x00000000c5280000)
 PSPermGen       total 21504K, used 7020K [0x00000000b5a00000, 0x00000000b6f00000, 0x00000000c0000000)
  object space 21504K, 32% used [0x00000000b5a00000,0x00000000b60db328,0x00000000b6f00000)
}
Event: 1,336 GC heap before
{Heap before GC invocations=3 (full 0):
 PSYoungGen      total 37376K, used 30651K [0x00000000eaa80000, 0x00000000ed400000, 0x0000000100000000)
  eden space 32256K, 79% used [0x00000000eaa80000,0x00000000ec375da8,0x00000000eca00000)
  from space 5120K, 99% used [0x00000000ecf00000,0x00000000ed3f9210,0x00000000ed400000)
  to   space 5120K, 0% used [0x00000000eca00000,0x00000000eca00000,0x00000000ecf00000)
 ParOldGen       total 84480K, used 8111K [0x00000000c0000000, 0x00000000c5280000, 0x00000000eaa80000)
  object space 84480K, 9% used [0x00000000c0000000,0x00000000c07ebf88,0x00000000c5280000)
 PSPermGen       total 21504K, used 7047K [0x00000000b5a00000, 0x00000000b6f00000, 0x00000000c0000000)
  object space 21504K, 32% used [0x00000000b5a00000,0x00000000b60e1d80,0x00000000b6f00000)
Event: 1,341 GC heap after
Heap after GC invocations=3 (full 0):
 PSYoungGen      total 37376K, used 3529K [0x00000000eaa80000, 0x00000000ef380000, 0x0000000100000000)
  eden space 32256K, 0% used [0x00000000eaa80000,0x00000000eaa80000,0x00000000eca00000)
  from space 5120K, 68% used [0x00000000eca00000,0x00000000ecd724b0,0x00000000ecf00000)
  to   space 5120K, 0% used [0x00000000eee80000,0x00000000eee80000,0x00000000ef380000)
 ParOldGen       total 84480K, used 10447K [0x00000000c0000000, 0x00000000c5280000, 0x00000000eaa80000)
  object space 84480K, 12% used [0x00000000c0000000,0x00000000c0a33d38,0x00000000c5280000)
 PSPermGen       total 21504K, used 7047K [0x00000000b5a00000, 0x00000000b6f00000, 0x00000000c0000000)
  object space 21504K, 32% used [0x00000000b5a00000,0x00000000b60e1d80,0x00000000b6f00000)
}
Event: 1,488 GC heap before
{Heap before GC invocations=4 (full 0):
 PSYoungGen      total 37376K, used 35785K [0x00000000eaa80000, 0x00000000ef380000, 0x0000000100000000)
  eden space 32256K, 100% used [0x00000000eaa80000,0x00000000eca00000,0x00000000eca00000)
  from space 5120K, 68% used [0x00000000eca00000,0x00000000ecd724b0,0x00000000ecf00000)
  to   space 5120K, 0% used [0x00000000eee80000,0x00000000eee80000,0x00000000ef380000)
 ParOldGen       total 84480K, used 10447K [0x00000000c0000000, 0x00000000c5280000, 0x00000000eaa80000)
  object space 84480K, 12% used [0x00000000c0000000,0x00000000c0a33d38,0x00000000c5280000)
 PSPermGen       total 21504K, used 7070K [0x00000000b5a00000, 0x00000000b6f00000, 0x00000000c0000000)
  object space 21504K, 32% used [0x00000000b5a00000,0x00000000b60e7940,0x00000000b6f00000)
Event: 1,509 GC heap after
Heap after GC invocations=4 (full 0):
 PSYoungGen      total 69632K, used 5109K [0x00000000eaa80000, 0x00000000ef380000, 0x0000000100000000)
  eden space 64512K, 0% used [0x00000000eaa80000,0x00000000eaa80000,0x00000000ee980000)
  from space 5120K, 99% used [0x00000000eee80000,0x00000000ef37d688,0x00000000ef380000)
  to   space 5120K, 0% used [0x00000000ee980000,0x00000000ee980000,0x00000000eee80000)
 ParOldGen       total 84480K, used 38458K [0x00000000c0000000, 0x00000000c5280000, 0x00000000eaa80000)
  object space 84480K, 45% used [0x00000000c0000000,0x00000000c258eb98,0x00000000c5280000)
 PSPermGen       total 21504K, used 7070K [0x00000000b5a00000, 0x00000000b6f00000, 0x00000000c0000000)
  object space 21504K, 32% used [0x00000000b5a00000,0x00000000b60e7940,0x00000000b6f00000)
}
Event: 1,683 GC heap before
{Heap before GC invocations=5 (full 0):
 PSYoungGen      total 69632K, used 69621K [0x00000000eaa80000, 0x00000000ef380000, 0x0000000100000000)
  eden space 64512K, 100% used [0x00000000eaa80000,0x00000000ee980000,0x00000000ee980000)
  from space 5120K, 99% used [0x00000000eee80000,0x00000000ef37d688,0x00000000ef380000)
  to   space 5120K, 0% used [0x00000000ee980000,0x00000000ee980000,0x00000000eee80000)
 ParOldGen       total 84480K, used 38458K [0x00000000c0000000, 0x00000000c5280000, 0x00000000eaa80000)
  object space 84480K, 45% used [0x00000000c0000000,0x00000000c258eb98,0x00000000c5280000)
 PSPermGen       total 21504K, used 7090K [0x00000000b5a00000, 0x00000000b6f00000, 0x00000000c0000000)
  object space 21504K, 32% used [0x00000000b5a00000,0x00000000b60ec9b0,0x00000000b6f00000)

Deoptimization events (10 events):
Event: 0,841 Thread 0x00007f952c00a800 Uncommon trap: reason=class_check action=maybe_recompile pc=0x00007f95290a4a4c method=java.util.HashMap.put(Ljava/lang/Object;Ljava/lang/Object;)Ljava/lang/Object; @ 137
Event: 0,841 Thread 0x00007f952c00a800 Uncommon trap: reason=class_check action=maybe_recompile pc=0x00007f95290a4a4c method=java.util.HashMap.put(Ljava/lang/Object;Ljava/lang/Object;)Ljava/lang/Object; @ 137
Event: 0,919 Thread 0x00007f952c00a800 Uncommon trap: reason=predicate action=maybe_recompile pc=0x00007f95290d7280 method=com.android.dex.Leb128.writeUnsignedLeb128(Lcom/android/dex/util/ByteOutput;I)V @ 9
Event: 1,002 Thread 0x00007f952c00a800 Uncommon trap: reason=class_check action=maybe_recompile pc=0x00007f95290de184 method=com.android.dex.Leb128.readUnsignedLeb128(Lcom/android/dex/util/ByteInput;)I @ 5
Event: 1,002 Thread 0x00007f952c00a800 Uncommon trap: reason=class_check action=maybe_recompile pc=0x00007f95290de184 method=com.android.dex.Leb128.readUnsignedLeb128(Lcom/android/dex/util/ByteInput;)I @ 5
Event: 1,002 Thread 0x00007f952c00a800 Uncommon trap: reason=class_check action=maybe_recompile pc=0x00007f95290de184 method=com.android.dex.Leb128.readUnsignedLeb128(Lcom/android/dex/util/ByteInput;)I @ 5
Event: 1,002 Thread 0x00007f952c00a800 Uncommon trap: reason=class_check action=maybe_recompile pc=0x00007f95290de184 method=com.android.dex.Leb128.readUnsignedLeb128(Lcom/android/dex/util/ByteInput;)I @ 5
Event: 1,104 Thread 0x00007f952c00a800 Uncommon trap: reason=predicate action=maybe_recompile pc=0x00007f95290e7fb8 method=com.android.dex.Leb128.readUnsignedLeb128(Lcom/android/dex/util/ByteInput;)I @ 41
Event: 1,336 Thread 0x00007f952c00a800 Uncommon trap: reason=predicate action=maybe_recompile pc=0x00007f952912a828 method=java.util.ComparableTimSort.binarySort([Ljava/lang/Object;III)V @ 37
Event: 1,677 Thread 0x00007f952c00a800 Uncommon trap: reason=predicate action=maybe_recompile pc=0x00007f952916cd18 method=java.util.TimSort.binarySort([Ljava/lang/Object;IIILjava/util/Comparator;)V @ 37

Internal exceptions (10 events):
Event: 0,931 Thread 0x00007f952c00a800 Threw 0x00000000eb97f7a0 at /build/buildd/openjdk-7-7u75-2.5.4/build/openjdk/hotspot/src/share/vm/prims/jvm.cpp:1284
Event: 0,931 Thread 0x00007f952c00a800 Threw 0x00000000eb983420 at /build/buildd/openjdk-7-7u75-2.5.4/build/openjdk/hotspot/src/share/vm/prims/jvm.cpp:1284
Event: 0,931 Thread 0x00007f952c00a800 Threw 0x00000000eb9871f0 at /build/buildd/openjdk-7-7u75-2.5.4/build/openjdk/hotspot/src/share/vm/prims/jvm.cpp:1284
Event: 0,932 Thread 0x00007f952c00a800 Threw 0x00000000eb98d1c0 at /build/buildd/openjdk-7-7u75-2.5.4/build/openjdk/hotspot/src/share/vm/prims/jvm.cpp:1284
Event: 0,932 Thread 0x00007f952c00a800 Threw 0x00000000eb990cc8 at /build/buildd/openjdk-7-7u75-2.5.4/build/openjdk/hotspot/src/share/vm/prims/jvm.cpp:1284
Event: 0,932 Thread 0x00007f952c00a800 Threw 0x00000000eb9949c8 at /build/buildd/openjdk-7-7u75-2.5.4/build/openjdk/hotspot/src/share/vm/prims/jvm.cpp:1284
Event: 0,933 Thread 0x00007f952c00a800 Threw 0x00000000eb998418 at /build/buildd/openjdk-7-7u75-2.5.4/build/openjdk/hotspot/src/share/vm/prims/jvm.cpp:1284
Event: 0,934 Thread 0x00007f952c00a800 Threw 0x00000000eb99fef0 at /build/buildd/openjdk-7-7u75-2.5.4/build/openjdk/hotspot/src/share/vm/prims/jvm.cpp:1284
Event: 0,935 Thread 0x00007f952c00a800 Threw 0x00000000eb9a2a98 at /build/buildd/openjdk-7-7u75-2.5.4/build/openjdk/hotspot/src/share/vm/prims/jvm.cpp:1284
Event: 1,180 Thread 0x00007f952c00a800 Threw 0x00000000ec7127f8 at /build/buildd/openjdk-7-7u75-2.5.4/build/openjdk/hotspot/src/share/vm/prims/jvm.cpp:1284

Events (10 events):
Event: 1,488 Executing VM operation: ParallelGCFailedAllocation
Event: 1,510 Executing VM operation: ParallelGCFailedAllocation done
Event: 1,534 Thread 0x00007f952c0aa800 flushing nmethod 0x00007f952908add0
Event: 1,534 Thread 0x00007f952c0aa800 flushing nmethod 0x00007f9529093410
Event: 1,676 loading class 0x00007f95315ddb90
Event: 1,676 loading class 0x00007f95315ddb90 done
Event: 1,677 Thread 0x00007f952c00a800 Uncommon trap: trap_request=0xffffff86 fr.pc=0x00007f952916cd18
Event: 1,677 Thread 0x00007f952c00a800 DEOPT PACKING pc=0x00007f952916cd18 sp=0x00007f953552d430
Event: 1,677 Thread 0x00007f952c00a800 DEOPT UNPACKING pc=0x00007f9529039445 sp=0x00007f953552d420 mode 2
Event: 1,683 Executing VM operation: ParallelGCFailedAllocation


Dynamic libraries:
00400000-00401000 r-xp 00000000 08:05 922018                             /usr/lib/jvm/java-7-openjdk-amd64/jre/bin/java
00600000-00601000 r--p 00000000 08:05 922018                             /usr/lib/jvm/java-7-openjdk-amd64/jre/bin/java
00601000-00602000 rw-p 00001000 08:05 922018                             /usr/lib/jvm/java-7-openjdk-amd64/jre/bin/java
01441000-01462000 rw-p 00000000 00:00 0                                  [heap]
b5a00000-b6f00000 rw-p 00000000 00:00 0 
b6f00000-c0000000 rw-p 00000000 00:00 0 
c0000000-c5280000 rw-p 00000000 00:00 0 
c5280000-eaa80000 rw-p 00000000 00:00 0 
eaa80000-ef380000 rw-p 00000000 00:00 0 
f6980000-100000000 rw-p 00000000 00:00 0 
7f94f4000000-7f94f4021000 rw-p 00000000 00:00 0 
7f94f4021000-7f94f8000000 ---p 00000000 00:00 0 
7f94f8000000-7f94f8021000 rw-p 00000000 00:00 0 
7f94f8021000-7f94fc000000 ---p 00000000 00:00 0 
7f94fc000000-7f94fc6db000 rw-p 00000000 00:00 0 
7f94fc6db000-7f9500000000 ---p 00000000 00:00 0 
7f9500000000-7f950081c000 rw-p 00000000 00:00 0 
7f950081c000-7f9504000000 ---p 00000000 00:00 0 
7f9504000000-7f9504021000 rw-p 00000000 00:00 0 
7f9504021000-7f9508000000 ---p 00000000 00:00 0 
7f9508000000-7f9508021000 rw-p 00000000 00:00 0 
7f9508021000-7f950c000000 ---p 00000000 00:00 0 
7f950c000000-7f950c0e1000 rw-p 00000000 00:00 0 
7f950c0e1000-7f9510000000 ---p 00000000 00:00 0 
7f9510000000-7f9510021000 rw-p 00000000 00:00 0 
7f9510021000-7f9514000000 ---p 00000000 00:00 0 
7f9514000000-7f9514021000 rw-p 00000000 00:00 0 
7f9514021000-7f9518000000 ---p 00000000 00:00 0 
7f951886c000-7f95189cd000 rw-p 00000000 00:00 0 
7f95189cd000-7f9518a0a000 r-xp 00000000 08:05 135428                     /lib/x86_64-linux-gnu/libpcre.so.3.13.1
7f9518a0a000-7f9518c09000 ---p 0003d000 08:05 135428                     /lib/x86_64-linux-gnu/libpcre.so.3.13.1
7f9518c09000-7f9518c0a000 r--p 0003c000 08:05 135428                     /lib/x86_64-linux-gnu/libpcre.so.3.13.1
7f9518c0a000-7f9518c0b000 rw-p 0003d000 08:05 135428                     /lib/x86_64-linux-gnu/libpcre.so.3.13.1
7f9518c0b000-7f9518c12000 r-xp 00000000 08:05 795702                     /usr/lib/x86_64-linux-gnu/libffi.so.6.0.1
7f9518c12000-7f9518e11000 ---p 00007000 08:05 795702                     /usr/lib/x86_64-linux-gnu/libffi.so.6.0.1
7f9518e11000-7f9518e12000 r--p 00006000 08:05 795702                     /usr/lib/x86_64-linux-gnu/libffi.so.6.0.1
7f9518e12000-7f9518e13000 rw-p 00007000 08:05 795702                     /usr/lib/x86_64-linux-gnu/libffi.so.6.0.1
7f9518e13000-7f9518e2a000 r-xp 00000000 08:05 131976                     /lib/x86_64-linux-gnu/libresolv-2.19.so
7f9518e2a000-7f951902a000 ---p 00017000 08:05 131976                     /lib/x86_64-linux-gnu/libresolv-2.19.so
7f951902a000-7f951902b000 r--p 00017000 08:05 131976                     /lib/x86_64-linux-gnu/libresolv-2.19.so
7f951902b000-7f951902c000 rw-p 00018000 08:05 131976                     /lib/x86_64-linux-gnu/libresolv-2.19.so
7f951902c000-7f951902e000 rw-p 00000000 00:00 0 
7f951902e000-7f951904e000 r-xp 00000000 08:05 135455                     /lib/x86_64-linux-gnu/libselinux.so.1
7f951904e000-7f951924d000 ---p 00020000 08:05 135455                     /lib/x86_64-linux-gnu/libselinux.so.1
7f951924d000-7f951924e000 r--p 0001f000 08:05 135455                     /lib/x86_64-linux-gnu/libselinux.so.1
7f951924e000-7f951924f000 rw-p 00020000 08:05 135455                     /lib/x86_64-linux-gnu/libselinux.so.1
7f951924f000-7f9519251000 rw-p 00000000 00:00 0 
7f9519251000-7f9519254000 r-xp 00000000 08:05 795836                     /usr/lib/x86_64-linux-gnu/libgmodule-2.0.so.0.4002.0
7f9519254000-7f9519453000 ---p 00003000 08:05 795836                     /usr/lib/x86_64-linux-gnu/libgmodule-2.0.so.0.4002.0
7f9519453000-7f9519454000 r--p 00002000 08:05 795836                     /usr/lib/x86_64-linux-gnu/libgmodule-2.0.so.0.4002.0
7f9519454000-7f9519455000 rw-p 00003000 08:05 795836                     /usr/lib/x86_64-linux-gnu/libgmodule-2.0.so.0.4002.0
7f9519455000-7f951955b000 r-xp 00000000 08:05 135355                     /lib/x86_64-linux-gnu/libglib-2.0.so.0.4002.0
7f951955b000-7f951975a000 ---p 00106000 08:05 135355                     /lib/x86_64-linux-gnu/libglib-2.0.so.0.4002.0
7f951975a000-7f951975b000 r--p 00105000 08:05 135355                     /lib/x86_64-linux-gnu/libglib-2.0.so.0.4002.0
7f951975b000-7f951975c000 rw-p 00106000 08:05 135355                     /lib/x86_64-linux-gnu/libglib-2.0.so.0.4002.0
7f951975c000-7f951975d000 rw-p 00000000 00:00 0 
7f951975d000-7f95198c9000 r-xp 00000000 08:05 795820                     /usr/lib/x86_64-linux-gnu/libgio-2.0.so.0.4002.0
7f95198c9000-7f9519ac8000 ---p 0016c000 08:05 795820                     /usr/lib/x86_64-linux-gnu/libgio-2.0.so.0.4002.0
7f9519ac8000-7f9519acc000 r--p 0016b000 08:05 795820                     /usr/lib/x86_64-linux-gnu/libgio-2.0.so.0.4002.0
7f9519acc000-7f9519ace000 rw-p 0016f000 08:05 795820                     /usr/lib/x86_64-linux-gnu/libgio-2.0.so.0.4002.0
7f9519ace000-7f951c000000 rw-p 00000000 00:00 0 
7f951c000000-7f951c021000 rw-p 00000000 00:00 0 
7f951c021000-7f9520000000 ---p 00000000 00:00 0 
7f9520000000-7f9520021000 rw-p 00000000 00:00 0 
7f9520021000-7f9524000000 ---p 00000000 00:00 0 
7f9524000000-7f9524021000 rw-p 00000000 00:00 0 
7f9524021000-7f9528000000 ---p 00000000 00:00 0 
7f9528086000-7f95280d5000 r-xp 00000000 08:05 795860                     /usr/lib/x86_64-linux-gnu/libgobject-2.0.so.0.4002.0
7f95280d5000-7f95282d5000 ---p 0004f000 08:05 795860                     /usr/lib/x86_64-linux-gnu/libgobject-2.0.so.0.4002.0
7f95282d5000-7f95282d6000 r--p 0004f000 08:05 795860                     /usr/lib/x86_64-linux-gnu/libgobject-2.0.so.0.4002.0
7f95282d6000-7f95282d7000 rw-p 00050000 08:05 795860                     /usr/lib/x86_64-linux-gnu/libgobject-2.0.so.0.4002.0
7f95282d7000-7f95282ee000 r-xp 00000000 08:05 919405                     /usr/lib/jvm/java-7-openjdk-amd64/jre/lib/amd64/libnet.so
7f95282ee000-7f95284ed000 ---p 00017000 08:05 919405                     /usr/lib/jvm/java-7-openjdk-amd64/jre/lib/amd64/libnet.so
7f95284ed000-7f95284ee000 r--p 00016000 08:05 919405                     /usr/lib/jvm/java-7-openjdk-amd64/jre/lib/amd64/libnet.so
7f95284ee000-7f95284ef000 rw-p 00017000 08:05 919405                     /usr/lib/jvm/java-7-openjdk-amd64/jre/lib/amd64/libnet.so
7f95284ef000-7f95284ff000 r-xp 00000000 08:05 919387                     /usr/lib/jvm/java-7-openjdk-amd64/jre/lib/amd64/libnio.so
7f95284ff000-7f95286ff000 ---p 00010000 08:05 919387                     /usr/lib/jvm/java-7-openjdk-amd64/jre/lib/amd64/libnio.so
7f95286ff000-7f9528700000 r--p 00010000 08:05 919387                     /usr/lib/jvm/java-7-openjdk-amd64/jre/lib/amd64/libnio.so
7f9528700000-7f9528701000 rw-p 00011000 08:05 919387                     /usr/lib/jvm/java-7-openjdk-amd64/jre/lib/amd64/libnio.so
7f9528701000-7f9528702000 ---p 00000000 00:00 0 
7f9528702000-7f9528802000 rw-p 00000000 00:00 0                          [stack:16557]
7f9528802000-7f9528805000 ---p 00000000 00:00 0 
7f9528805000-7f9528903000 rw-p 00000000 00:00 0                          [stack:16556]
7f9528903000-7f9528906000 ---p 00000000 00:00 0 
7f9528906000-7f9528a04000 rw-p 00000000 00:00 0                          [stack:16555]
7f9528a04000-7f9528a07000 ---p 00000000 00:00 0 
7f9528a07000-7f9528b05000 rw-p 00000000 00:00 0                          [stack:16554]
7f9528b05000-7f9528b08000 ---p 00000000 00:00 0 
7f9528b08000-7f9528c06000 rw-p 00000000 00:00 0                          [stack:16553]
7f9528c06000-7f9529000000 r--p 00000000 08:05 793691                     /usr/lib/locale/locale-archive
7f9529000000-7f9529270000 rwxp 00000000 00:00 0 
7f9529270000-7f952c267000 rw-p 00000000 00:00 0 
7f952c267000-7f9530000000 ---p 00000000 00:00 0 
7f9530069000-7f953006d000 r--s 0004d000 08:05 919364                     /usr/lib/jvm/java-7-openjdk-amd64/jre/lib/jsse.jar
7f953006d000-7f953007c000 r--s 000dd000 00:22 2369600                    /home/joakim/Android/Sdk/build-tools/21.1.2/lib/dx.jar
7f953007c000-7f953007f000 ---p 00000000 00:00 0 
7f953007f000-7f953017d000 rw-p 00000000 00:00 0                          [stack:16552]
7f953017d000-7f9530180000 ---p 00000000 00:00 0 
7f9530180000-7f953027e000 rw-p 00000000 00:00 0                          [stack:16551]
7f953027e000-7f953027f000 ---p 00000000 00:00 0 
7f953027f000-7f953137c000 rw-p 00000000 00:00 0                          [stack:16550]
7f953137c000-7f953152e000 r--s 01d23000 08:05 919331                     /usr/lib/jvm/java-7-openjdk-amd64/jre/lib/rt.jar
7f953152e000-7f953187a000 rw-p 00000000 00:00 0 
7f953187a000-7f953187b000 ---p 00000000 00:00 0 
7f953187b000-7f953197b000 rw-p 00000000 00:00 0                          [stack:16549]
7f953197b000-7f953197c000 ---p 00000000 00:00 0 
7f953197c000-7f9531a7c000 rw-p 00000000 00:00 0                          [stack:16548]
7f9531a7c000-7f9531a7d000 ---p 00000000 00:00 0 
7f9531a7d000-7f9531b7d000 rw-p 00000000 00:00 0                          [stack:16547]
7f9531b7d000-7f9531b7e000 ---p 00000000 00:00 0 
7f9531b7e000-7f9531c89000 rw-p 00000000 00:00 0                          [stack:16546]
7f9531c89000-7f9531cd1000 rw-p 00000000 00:00 0 
7f9531cd1000-7f9531cfb000 rw-p 00000000 00:00 0 
7f9531cfb000-7f9531e27000 rw-p 00000000 00:00 0 
7f9531e27000-7f9531e32000 rw-p 00000000 00:00 0 
7f9531e32000-7f9531e7a000 rw-p 00000000 00:00 0 
7f9531e7a000-7f9531ea4000 rw-p 00000000 00:00 0 
7f9531ea4000-7f9531fcf000 rw-p 00000000 00:00 0 
7f9531fcf000-7f9531ff4000 rw-p 00000000 00:00 0 
7f9531ff4000-7f953207a000 rw-p 00000000 00:00 0 
7f953207a000-7f953207b000 rw-p 00000000 00:00 0 
7f953207b000-7f9532083000 r-xp 00000000 08:05 922015                     /usr/lib/jvm/java-7-openjdk-amd64/jre/lib/amd64/libzip.so
7f9532083000-7f9532282000 ---p 00008000 08:05 922015                     /usr/lib/jvm/java-7-openjdk-amd64/jre/lib/amd64/libzip.so
7f9532282000-7f9532283000 r--p 00007000 08:05 922015                     /usr/lib/jvm/java-7-openjdk-amd64/jre/lib/amd64/libzip.so
7f9532283000-7f9532284000 rw-p 00008000 08:05 922015                     /usr/lib/jvm/java-7-openjdk-amd64/jre/lib/amd64/libzip.so
7f9532284000-7f953228f000 r-xp 00000000 08:05 131980                     /lib/x86_64-linux-gnu/libnss_files-2.19.so
7f953228f000-7f953248e000 ---p 0000b000 08:05 131980                     /lib/x86_64-linux-gnu/libnss_files-2.19.so
7f953248e000-7f953248f000 r--p 0000a000 08:05 131980                     /lib/x86_64-linux-gnu/libnss_files-2.19.so
7f953248f000-7f9532490000 rw-p 0000b000 08:05 131980                     /lib/x86_64-linux-gnu/libnss_files-2.19.so
7f9532490000-7f953249b000 r-xp 00000000 08:05 135472                     /lib/x86_64-linux-gnu/libnss_nis-2.19.so
7f953249b000-7f953269a000 ---p 0000b000 08:05 135472                     /lib/x86_64-linux-gnu/libnss_nis-2.19.so
7f953269a000-7f953269b000 r--p 0000a000 08:05 135472                     /lib/x86_64-linux-gnu/libnss_nis-2.19.so
7f953269b000-7f953269c000 rw-p 0000b000 08:05 135472                     /lib/x86_64-linux-gnu/libnss_nis-2.19.so
7f953269c000-7f95326b3000 r-xp 00000000 08:05 131998                     /lib/x86_64-linux-gnu/libnsl-2.19.so
7f95326b3000-7f95328b2000 ---p 00017000 08:05 131998                     /lib/x86_64-linux-gnu/libnsl-2.19.so
7f95328b2000-7f95328b3000 r--p 00016000 08:05 131998                     /lib/x86_64-linux-gnu/libnsl-2.19.so
7f95328b3000-7f95328b4000 rw-p 00017000 08:05 131998                     /lib/x86_64-linux-gnu/libnsl-2.19.so
7f95328b4000-7f95328b6000 rw-p 00000000 00:00 0 
7f95328b6000-7f95328bf000 r-xp 00000000 08:05 131996                     /lib/x86_64-linux-gnu/libnss_compat-2.19.so
7f95328bf000-7f9532abe000 ---p 00009000 08:05 131996                     /lib/x86_64-linux-gnu/libnss_compat-2.19.so
7f9532abe000-7f9532abf000 r--p 00008000 08:05 131996                     /lib/x86_64-linux-gnu/libnss_compat-2.19.so
7f9532abf000-7f9532ac0000 rw-p 00009000 08:05 131996                     /lib/x86_64-linux-gnu/libnss_compat-2.19.so
7f9532ac0000-7f9532aeb000 r-xp 00000000 08:05 919423                     /usr/lib/jvm/java-7-openjdk-amd64/jre/lib/amd64/libjava.so
7f9532aeb000-7f9532ceb000 ---p 0002b000 08:05 919423                     /usr/lib/jvm/java-7-openjdk-amd64/jre/lib/amd64/libjava.so
7f9532ceb000-7f9532cec000 r--p 0002b000 08:05 919423                     /usr/lib/jvm/java-7-openjdk-amd64/jre/lib/amd64/libjava.so
7f9532cec000-7f9532cee000 rw-p 0002c000 08:05 919423                     /usr/lib/jvm/java-7-openjdk-amd64/jre/lib/amd64/libjava.so
7f9532cee000-7f9532cfe000 r-xp 00000000 08:05 919421                     /usr/lib/jvm/java-7-openjdk-amd64/jre/lib/amd64/libverify.so
7f9532cfe000-7f9532efd000 ---p 00010000 08:05 919421                     /usr/lib/jvm/java-7-openjdk-amd64/jre/lib/amd64/libverify.so
7f9532efd000-7f9532eff000 r--p 0000f000 08:05 919421                     /usr/lib/jvm/java-7-openjdk-amd64/jre/lib/amd64/libverify.so
7f9532eff000-7f9532f00000 rw-p 00011000 08:05 919421                     /usr/lib/jvm/java-7-openjdk-amd64/jre/lib/amd64/libverify.so
7f9532f00000-7f9532f07000 r-xp 00000000 08:05 135463                     /lib/x86_64-linux-gnu/librt-2.19.so
7f9532f07000-7f9533106000 ---p 00007000 08:05 135463                     /lib/x86_64-linux-gnu/librt-2.19.so
7f9533106000-7f9533107000 r--p 00006000 08:05 135463                     /lib/x86_64-linux-gnu/librt-2.19.so
7f9533107000-7f9533108000 rw-p 00007000 08:05 135463                     /lib/x86_64-linux-gnu/librt-2.19.so
7f9533108000-7f953311e000 r-xp 00000000 08:05 135351                     /lib/x86_64-linux-gnu/libgcc_s.so.1
7f953311e000-7f953331d000 ---p 00016000 08:05 135351                     /lib/x86_64-linux-gnu/libgcc_s.so.1
7f953331d000-7f953331e000 rw-p 00015000 08:05 135351                     /lib/x86_64-linux-gnu/libgcc_s.so.1
7f953331e000-7f9533423000 r-xp 00000000 08:05 131978                     /lib/x86_64-linux-gnu/libm-2.19.so
7f9533423000-7f9533622000 ---p 00105000 08:05 131978                     /lib/x86_64-linux-gnu/libm-2.19.so
7f9533622000-7f9533623000 r--p 00104000 08:05 131978                     /lib/x86_64-linux-gnu/libm-2.19.so
7f9533623000-7f9533624000 rw-p 00105000 08:05 131978                     /lib/x86_64-linux-gnu/libm-2.19.so
7f9533624000-7f953370a000 r-xp 00000000 08:05 796415                     /usr/lib/x86_64-linux-gnu/libstdc++.so.6.0.19
7f953370a000-7f9533909000 ---p 000e6000 08:05 796415                     /usr/lib/x86_64-linux-gnu/libstdc++.so.6.0.19
7f9533909000-7f9533911000 r--p 000e5000 08:05 796415                     /usr/lib/x86_64-linux-gnu/libstdc++.so.6.0.19
7f9533911000-7f9533913000 rw-p 000ed000 08:05 796415                     /usr/lib/x86_64-linux-gnu/libstdc++.so.6.0.19
7f9533913000-7f9533928000 rw-p 00000000 00:00 0 
7f9533928000-7f9534440000 r-xp 00000000 08:05 919431                     /usr/lib/jvm/java-7-openjdk-amd64/jre/lib/amd64/server/libjvm.so
7f9534440000-7f9534640000 ---p 00b18000 08:05 919431                     /usr/lib/jvm/java-7-openjdk-amd64/jre/lib/amd64/server/libjvm.so
7f9534640000-7f95346da000 r--p 00b18000 08:05 919431                     /usr/lib/jvm/java-7-openjdk-amd64/jre/lib/amd64/server/libjvm.so
7f95346da000-7f95346fd000 rw-p 00bb2000 08:05 919431                     /usr/lib/jvm/java-7-openjdk-amd64/jre/lib/amd64/server/libjvm.so
7f95346fd000-7f953472b000 rw-p 00000000 00:00 0 
7f953472b000-7f9534743000 r-xp 00000000 08:05 135488                     /lib/x86_64-linux-gnu/libz.so.1.2.8
7f9534743000-7f9534942000 ---p 00018000 08:05 135488                     /lib/x86_64-linux-gnu/libz.so.1.2.8
7f9534942000-7f9534943000 r--p 00017000 08:05 135488                     /lib/x86_64-linux-gnu/libz.so.1.2.8
7f9534943000-7f9534944000 rw-p 00018000 08:05 135488                     /lib/x86_64-linux-gnu/libz.so.1.2.8
7f9534944000-7f953495d000 r-xp 00000000 08:05 135398                     /lib/x86_64-linux-gnu/libpthread-2.19.so
7f953495d000-7f9534b5c000 ---p 00019000 08:05 135398                     /lib/x86_64-linux-gnu/libpthread-2.19.so
7f9534b5c000-7f9534b5d000 r--p 00018000 08:05 135398                     /lib/x86_64-linux-gnu/libpthread-2.19.so
7f9534b5d000-7f9534b5e000 rw-p 00019000 08:05 135398                     /lib/x86_64-linux-gnu/libpthread-2.19.so
7f9534b5e000-7f9534b62000 rw-p 00000000 00:00 0 
7f9534b62000-7f9534b65000 r-xp 00000000 08:05 131986                     /lib/x86_64-linux-gnu/libdl-2.19.so
7f9534b65000-7f9534d64000 ---p 00003000 08:05 131986                     /lib/x86_64-linux-gnu/libdl-2.19.so
7f9534d64000-7f9534d65000 r--p 00002000 08:05 131986                     /lib/x86_64-linux-gnu/libdl-2.19.so
7f9534d65000-7f9534d66000 rw-p 00003000 08:05 131986                     /lib/x86_64-linux-gnu/libdl-2.19.so
7f9534d66000-7f9534f21000 r-xp 00000000 08:05 135396                     /lib/x86_64-linux-gnu/libc-2.19.so
7f9534f21000-7f9535120000 ---p 001bb000 08:05 135396                     /lib/x86_64-linux-gnu/libc-2.19.so
7f9535120000-7f9535124000 r--p 001ba000 08:05 135396                     /lib/x86_64-linux-gnu/libc-2.19.so
7f9535124000-7f9535126000 rw-p 001be000 08:05 135396                     /lib/x86_64-linux-gnu/libc-2.19.so
7f9535126000-7f953512b000 rw-p 00000000 00:00 0 
7f953512b000-7f9535138000 r-xp 00000000 08:05 919378                     /usr/lib/jvm/java-7-openjdk-amd64/jre/lib/amd64/jli/libjli.so
7f9535138000-7f9535337000 ---p 0000d000 08:05 919378                     /usr/lib/jvm/java-7-openjdk-amd64/jre/lib/amd64/jli/libjli.so
7f9535337000-7f9535338000 r--p 0000c000 08:05 919378                     /usr/lib/jvm/java-7-openjdk-amd64/jre/lib/amd64/jli/libjli.so
7f9535338000-7f9535339000 rw-p 0000d000 08:05 919378                     /usr/lib/jvm/java-7-openjdk-amd64/jre/lib/amd64/jli/libjli.so
7f9535339000-7f953535c000 r-xp 00000000 08:05 132002                     /lib/x86_64-linux-gnu/ld-2.19.so
7f953535d000-7f953535e000 rw-p 00000000 00:00 0 
7f953535e000-7f9535362000 r--s 00034000 08:05 919342                     /usr/lib/jvm/java-7-openjdk-amd64/jre/lib/ext/sunjce_provider.jar
7f9535362000-7f9535365000 r--s 0000f000 08:05 919338                     /usr/lib/jvm/java-7-openjdk-amd64/jre/lib/ext/icedtea-sound.jar
7f9535365000-7f9535369000 r--s 0003c000 08:05 919340                     /usr/lib/jvm/java-7-openjdk-amd64/jre/lib/ext/sunpkcs11.jar
7f9535369000-7f953536c000 r--s 00086000 08:05 919348                     /usr/lib/jvm/java-7-openjdk-amd64/jre/lib/ext/localedata.jar
7f953536c000-7f953536e000 r--s 00006000 08:05 1189401                    /usr/share/java/java-atk-wrapper.jar
7f953536e000-7f9535378000 rw-p 00000000 00:00 0 
7f9535378000-7f953542e000 rw-p 00000000 00:00 0 
7f953542e000-7f9535431000 ---p 00000000 00:00 0 
7f9535431000-7f9535534000 rw-p 00000000 00:00 0                          [stack:16545]
7f9535534000-7f9535535000 r--s 00002000 08:05 919346                     /usr/lib/jvm/java-7-openjdk-amd64/jre/lib/ext/dnsns.jar
7f9535535000-7f9535537000 r--s 00012000 08:05 919344                     /usr/lib/jvm/java-7-openjdk-amd64/jre/lib/ext/zipfs.jar
7f9535537000-7f953554f000 rw-p 00000000 00:00 0 
7f953554f000-7f9535557000 rw-s 00000000 08:05 524457                     /tmp/hsperfdata_joakim/16541
7f9535557000-7f9535558000 rw-p 00000000 00:00 0 
7f9535558000-7f9535559000 ---p 00000000 00:00 0 
7f9535559000-7f953555b000 rw-p 00000000 00:00 0 
7f953555b000-7f953555c000 r--p 00022000 08:05 132002                     /lib/x86_64-linux-gnu/ld-2.19.so
7f953555c000-7f953555d000 rw-p 00023000 08:05 132002                     /lib/x86_64-linux-gnu/ld-2.19.so
7f953555d000-7f953555e000 rw-p 00000000 00:00 0 
7fff823b2000-7fff823d3000 rw-p 00000000 00:00 0                          [stack]
7fff823fe000-7fff82400000 r-xp 00000000 00:00 0                          [vdso]
ffffffffff600000-ffffffffff601000 r-xp 00000000 00:00 0                  [vsyscall]

VM Arguments:
jvm_args: -Xmx1024M -Dfile.encoding=UTF-8 -Duser.country=US -Duser.language=en -Duser.variant 
java_command: com.android.dx.command.Main --dex --output /home/joakim/floobits/share/lovelaze/SuperiorTraining/app/build/intermediates/dex/debug /home/joakim/floobits/share/lovelaze/SuperiorTraining/app/build/intermediates/classes/debug /home/joakim/floobits/share/lovelaze/SuperiorTraining/app/build/intermediates/pre-dexed/debug/support-annotations-22.0.0-ab1971179f4f4c086b766ddd0f2dcc02e341168c.jar /home/joakim/floobits/share/lovelaze/SuperiorTraining/app/build/intermediates/pre-dexed/debug/internal_impl-22.0.0-bbdf114f3f03b6bb33d9fafb68c0887903a0f38a.jar /home/joakim/floobits/share/lovelaze/SuperiorTraining/app/build/intermediates/pre-dexed/debug/classes-72d77c1db25fe9ec5404e7669bf721a81f701198.jar /home/joakim/floobits/share/lovelaze/SuperiorTraining/app/build/intermediates/pre-dexed/debug/classes-dcbfdda705321cc93b42c8b6dc4ef5a627ed1222.jar /home/joakim/floobits/share/lovelaze/SuperiorTraining/app/build/intermediates/pre-dexed/debug/classes-f97babe517b68e23e2e20b4395c7bde9dc76d827.jar
Launcher Type: SUN_STANDARD

Environment Variables:
JAVA_HOME=/usr/lib/jvm/java-8-oracle
CLASSPATH=/opt/android-studio/bin/../lib/bootstrap.jar:/opt/android-studio/bin/../lib/extensions.jar:/opt/android-studio/bin/../lib/util.jar:/opt/android-studio/bin/../lib/jdom.jar:/opt/android-studio/bin/../lib/log4j.jar:/opt/android-studio/bin/../lib/trove4j.jar:/opt/android-studio/bin/../lib/jna.jar:/usr/lib/jvm/java-8-oracle/lib/tools.jar
PATH=/usr/local/sbin:/usr/local/bin:/usr/sbin:/usr/bin:/sbin:/bin:/usr/games:/usr/local/games:/usr/lib/jvm/java-8-oracle/bin:/usr/lib/jvm/java-8-oracle/db/bin:/usr/lib/jvm/java-8-oracle/jre/bin
USERNAME=joakim
LD_LIBRARY_PATH=/opt/android-studio/bin:
SHELL=/bin/bash
DISPLAY=:0

Signal Handlers:
SIGSEGV: [libjvm.so+0x94b4b0], sa_mask[0]=0x7ffbfeff, sa_flags=0x10000004
SIGBUS: [libjvm.so+0x94b4b0], sa_mask[0]=0x7ffbfeff, sa_flags=0x10000004
SIGFPE: [libjvm.so+0x7c3390], sa_mask[0]=0x7ffbfeff, sa_flags=0x10000004
SIGPIPE: [libjvm.so+0x7c3390], sa_mask[0]=0x7ffbfeff, sa_flags=0x10000004
SIGXFSZ: [libjvm.so+0x7c3390], sa_mask[0]=0x7ffbfeff, sa_flags=0x10000004
SIGILL: [libjvm.so+0x7c3390], sa_mask[0]=0x7ffbfeff, sa_flags=0x10000004
SIGUSR1: SIG_DFL, sa_mask[0]=0x00000000, sa_flags=0x00000000
SIGUSR2: [libjvm.so+0x7c3230], sa_mask[0]=0x00000004, sa_flags=0x10000004
SIGHUP: [libjvm.so+0x7c3410], sa_mask[0]=0x7ffbfeff, sa_flags=0x10000004
SIGINT: [libjvm.so+0x7c3410], sa_mask[0]=0x7ffbfeff, sa_flags=0x10000004
SIGTERM: [libjvm.so+0x7c3410], sa_mask[0]=0x7ffbfeff, sa_flags=0x10000004
SIGQUIT: [libjvm.so+0x7c3410], sa_mask[0]=0x7ffbfeff, sa_flags=0x10000004
SIGTRAP: SIG_DFL, sa_mask[0]=0x00000000, sa_flags=0x00000000


---------------  S Y S T E M  ---------------

OS:LinuxMint 17.1 (rebecca)
uname:Linux 3.13.0-37-generic #64-Ubuntu SMP Mon Sep 22 21:28:38 UTC 2014 x86_64
libc:glibc 2.19 NPTL 2.19 
rlimit: STACK 8192k, CORE 0k, NPROC 63343, NOFILE 4096, AS infinity
load average:1,58 1,35 1,75

/proc/meminfo:
MemTotal:        8138632 kB
MemFree:          141940 kB
Buffers:            3568 kB
Cached:           251416 kB
SwapCached:            0 kB
Active:          7299320 kB
Inactive:         201852 kB
Active(anon):    7260260 kB
Inactive(anon):   162496 kB
Active(file):      39060 kB
Inactive(file):    39356 kB
Unevictable:         592 kB
Mlocked:             592 kB
SwapTotal:             0 kB
SwapFree:              0 kB
Dirty:               716 kB
Writeback:             0 kB
AnonPages:       7247768 kB
Mapped:           451300 kB
Shmem:            175792 kB
Slab:             115332 kB
SReclaimable:      35636 kB
SUnreclaim:        79696 kB
KernelStack:        6784 kB
PageTables:        64520 kB
NFS_Unstable:          0 kB
Bounce:                0 kB
WritebackTmp:          0 kB
CommitLimit:     4069316 kB
Committed_AS:   12887004 kB
VmallocTotal:   34359738367 kB
VmallocUsed:      126676 kB
VmallocChunk:   34359604724 kB
HardwareCorrupted:     0 kB
AnonHugePages:   2170880 kB
HugePages_Total:       0
HugePages_Free:        0
HugePages_Rsvd:        0
HugePages_Surp:        0
Hugepagesize:       2048 kB
DirectMap4k:      514784 kB
DirectMap2M:     7835648 kB


CPU:total 4 (4 cores per cpu, 1 threads per core) family 6 model 58 stepping 9, cmov, cx8, fxsr, mmx, sse, sse2, sse3, ssse3, sse4.1, sse4.2, popcnt, avx, aes, erms, tsc, tscinvbit, tscinv

/proc/cpuinfo:
processor	: 0
vendor_id	: GenuineIntel
cpu family	: 6
model		: 58
model name	: Intel(R) Core(TM) i5-3570K CPU @ 3.40GHz
stepping	: 9
microcode	: 0x10
cpu MHz		: 3801.000
cache size	: 6144 KB
physical id	: 0
siblings	: 4
core id		: 0
cpu cores	: 4
apicid		: 0
initial apicid	: 0
fpu		: yes
fpu_exception	: yes
cpuid level	: 13
wp		: yes
flags		: fpu vme de pse tsc msr pae mce cx8 apic sep mtrr pge mca cmov pat pse36 clflush dts acpi mmx fxsr sse sse2 ss ht tm pbe syscall nx rdtscp lm constant_tsc arch_perfmon pebs bts rep_good nopl xtopology nonstop_tsc aperfmperf eagerfpu pni pclmulqdq dtes64 monitor ds_cpl vmx est tm2 ssse3 cx16 xtpr pdcm pcid sse4_1 sse4_2 popcnt tsc_deadline_timer aes xsave avx f16c rdrand lahf_lm ida arat epb xsaveopt pln pts dtherm tpr_shadow vnmi flexpriority ept vpid fsgsbase smep erms
bogomips	: 6860.05
clflush size	: 64
cache_alignment	: 64
address sizes	: 36 bits physical, 48 bits virtual
power management:

processor	: 1
vendor_id	: GenuineIntel
cpu family	: 6
model		: 58
model name	: Intel(R) Core(TM) i5-3570K CPU @ 3.40GHz
stepping	: 9
microcode	: 0x10
cpu MHz		: 3801.000
cache size	: 6144 KB
physical id	: 0
siblings	: 4
core id		: 1
cpu cores	: 4
apicid		: 2
initial apicid	: 2
fpu		: yes
fpu_exception	: yes
cpuid level	: 13
wp		: yes
flags		: fpu vme de pse tsc msr pae mce cx8 apic sep mtrr pge mca cmov pat pse36 clflush dts acpi mmx fxsr sse sse2 ss ht tm pbe syscall nx rdtscp lm constant_tsc arch_perfmon pebs bts rep_good nopl xtopology nonstop_tsc aperfmperf eagerfpu pni pclmulqdq dtes64 monitor ds_cpl vmx est tm2 ssse3 cx16 xtpr pdcm pcid sse4_1 sse4_2 popcnt tsc_deadline_timer aes xsave avx f16c rdrand lahf_lm ida arat epb xsaveopt pln pts dtherm tpr_shadow vnmi flexpriority ept vpid fsgsbase smep erms
bogomips	: 6860.05
clflush size	: 64
cache_alignment	: 64
address sizes	: 36 bits physical, 48 bits virtual
power management:

processor	: 2
vendor_id	: GenuineIntel
cpu family	: 6
model		: 58
model name	: Intel(R) Core(TM) i5-3570K CPU @ 3.40GHz
stepping	: 9
microcode	: 0x10
cpu MHz		: 3801.000
cache size	: 6144 KB
physical id	: 0
siblings	: 4
core id		: 2
cpu cores	: 4
apicid		: 4
initial apicid	: 4
fpu		: yes
fpu_exception	: yes
cpuid level	: 13
wp		: yes
flags		: fpu vme de pse tsc msr pae mce cx8 apic sep mtrr pge mca cmov pat pse36 clflush dts acpi mmx fxsr sse sse2 ss ht tm pbe syscall nx rdtscp lm constant_tsc arch_perfmon pebs bts rep_good nopl xtopology nonstop_tsc aperfmperf eagerfpu pni pclmulqdq dtes64 monitor ds_cpl vmx est tm2 ssse3 cx16 xtpr pdcm pcid sse4_1 sse4_2 popcnt tsc_deadline_timer aes xsave avx f16c rdrand lahf_lm ida arat epb xsaveopt pln pts dtherm tpr_shadow vnmi flexpriority ept vpid fsgsbase smep erms
bogomips	: 6860.05
clflush size	: 64
cache_alignment	: 64
address sizes	: 36 bits physical, 48 bits virtual
power management:

processor	: 3
vendor_id	: GenuineIntel
cpu family	: 6
model		: 58
model name	: Intel(R) Core(TM) i5-3570K CPU @ 3.40GHz
stepping	: 9
microcode	: 0x10
cpu MHz		: 3801.000
cache size	: 6144 KB
physical id	: 0
siblings	: 4
core id		: 3
cpu cores	: 4
apicid		: 6
initial apicid	: 6
fpu		: yes
fpu_exception	: yes
cpuid level	: 13
wp		: yes
flags		: fpu vme de pse tsc msr pae mce cx8 apic sep mtrr pge mca cmov pat pse36 clflush dts acpi mmx fxsr sse sse2 ss ht tm pbe syscall nx rdtscp lm constant_tsc arch_perfmon pebs bts rep_good nopl xtopology nonstop_tsc aperfmperf eagerfpu pni pclmulqdq dtes64 monitor ds_cpl vmx est tm2 ssse3 cx16 xtpr pdcm pcid sse4_1 sse4_2 popcnt tsc_deadline_timer aes xsave avx f16c rdrand lahf_lm ida arat epb xsaveopt pln pts dtherm tpr_shadow vnmi flexpriority ept vpid fsgsbase smep erms
bogomips	: 6860.05
clflush size	: 64
cache_alignment	: 64
address sizes	: 36 bits physical, 48 bits virtual
power management:



Memory: 4k page, physical 8138632k(141940k free), swap 0k(0k free)

vm_info: OpenJDK 64-Bit Server VM (24.75-b04) for linux-amd64 JRE (1.7.0_75-b13), built on Jan 27 2015 00:38:59 by "buildd" with gcc 4.8.2

time: Wed Apr  8 15:45:21 2015
elapsed time: 1 seconds

